<?xml version="1.0" encoding="UTF-8"?>
<testsuite name="com.micro.reviewservice.ReviewServiceApplicationTests" tests="7" skipped="0" failures="0" errors="0" timestamp="2024-04-14T08:57:21" hostname="suman-gajmer" time="0.68">
  <properties/>
  <testcase name="getReviewsInvalidParameter()" classname="com.micro.reviewservice.ReviewServiceApplicationTests" time="0.379"/>
  <testcase name="getReviewsInvalidParameterNegativeValue()" classname="com.micro.reviewservice.ReviewServiceApplicationTests" time="0.033"/>
  <testcase name="getReviewsByProductId()" classname="com.micro.reviewservice.ReviewServiceApplicationTests" time="0.101"/>
  <testcase name="duplicateError()" classname="com.micro.reviewservice.ReviewServiceApplicationTests" time="0.054"/>
  <testcase name="getReviewsMissingParameter()" classname="com.micro.reviewservice.ReviewServiceApplicationTests" time="0.024"/>
  <testcase name="deleteReviews()" classname="com.micro.reviewservice.ReviewServiceApplicationTests" time="0.054"/>
  <testcase name="getReviewsNotFound()" classname="com.micro.reviewservice.ReviewServiceApplicationTests" time="0.029"/>
  <system-out><![CDATA[2024-04-14T14:42:17.247+05:45  INFO 513591 --- [review] [    Test worker] t.c.s.AnnotationConfigContextLoaderUtils : Could not detect default configuration classes for test class [com.micro.reviewservice.ReviewServiceApplicationTests]: ReviewServiceApplicationTests does not declare any static, non-private, non-final, nested classes annotated with @Configuration.
2024-04-14T14:42:17.250+05:45  INFO 513591 --- [review] [    Test worker] .b.t.c.SpringBootTestContextBootstrapper : Found @SpringBootConfiguration com.micro.reviewservice.ReviewServiceApplication for test class com.micro.reviewservice.ReviewServiceApplicationTests

  .   ____          _            __ _ _
 /\\ / ___'_ __ _ _(_)_ __  __ _ \ \ \ \
( ( )\___ | '_ | '_| | '_ \/ _` | \ \ \ \
 \\/  ___)| |_)| | | | | || (_| |  ) ) ) )
  '  |____| .__|_| |_|_| |_\__, | / / / /
 =========|_|==============|___/=/_/_/_/
 :: Spring Boot ::                (v3.2.3)

2024-04-14T14:42:17.318+05:45  INFO 513591 --- [review] [    Test worker] c.m.r.ReviewServiceApplicationTests      : Starting ReviewServiceApplicationTests using Java 17.0.10 with PID 513591 (started by suman in /home/suman/Workspace/microservices/review-service)
2024-04-14T14:42:17.318+05:45  INFO 513591 --- [review] [    Test worker] c.m.r.ReviewServiceApplicationTests      : No active profile set, falling back to 1 default profile: "default"
2024-04-14T14:42:18.110+05:45  INFO 513591 --- [review] [    Test worker] .s.d.r.c.RepositoryConfigurationDelegate : Bootstrapping Spring Data JPA repositories in DEFAULT mode.
2024-04-14T14:42:18.115+05:45  INFO 513591 --- [review] [    Test worker] .s.d.r.c.RepositoryConfigurationDelegate : Finished Spring Data repository scanning in 5 ms. Found 1 JPA repository interface.
2024-04-14T14:42:18.309+05:45  INFO 513591 --- [review] [    Test worker] faultConfiguringBeanFactoryPostProcessor : No bean named 'errorChannel' has been explicitly defined. Therefore, a default PublishSubscribeChannel will be created.
2024-04-14T14:42:18.318+05:45  INFO 513591 --- [review] [    Test worker] faultConfiguringBeanFactoryPostProcessor : No bean named 'integrationHeaderChannelRegistry' has been explicitly defined. Therefore, a default DefaultHeaderChannelRegistry will be created.
2024-04-14T14:42:18.367+05:45  INFO 513591 --- [review] [    Test worker] o.s.cloud.context.scope.GenericScope     : BeanFactory id=d7ff1232-6926-3fff-b6be-5fe2b60d85b8
2024-04-14T14:42:18.702+05:45  WARN 513591 --- [review] [    Test worker] trationDelegate$BeanPostProcessorChecker : Bean 'org.springframework.cloud.client.loadbalancer.LoadBalancerAutoConfiguration$DeferringLoadBalancerInterceptorConfig' of type [org.springframework.cloud.client.loadbalancer.LoadBalancerAutoConfiguration$DeferringLoadBalancerInterceptorConfig] is not eligible for getting processed by all BeanPostProcessors (for example: not eligible for auto-proxying). The currently created BeanPostProcessor [lbRestClientPostProcessor] is declared through a non-static factory method on that class; consider declaring it as static instead.
2024-04-14T14:42:18.706+05:45  WARN 513591 --- [review] [    Test worker] trationDelegate$BeanPostProcessorChecker : Bean 'deferringLoadBalancerInterceptor' of type [org.springframework.cloud.client.loadbalancer.DeferringLoadBalancerInterceptor] is not eligible for getting processed by all BeanPostProcessors (for example: not eligible for auto-proxying). Is this bean getting eagerly injected into a currently created BeanPostProcessor [lbRestClientPostProcessor]? Check the corresponding BeanPostProcessor declaration and its dependencies.
2024-04-14T14:42:18.711+05:45  WARN 513591 --- [review] [    Test worker] trationDelegate$BeanPostProcessorChecker : Bean 'org.springframework.cloud.client.loadbalancer.reactive.LoadBalancerBeanPostProcessorAutoConfiguration' of type [org.springframework.cloud.client.loadbalancer.reactive.LoadBalancerBeanPostProcessorAutoConfiguration] is not eligible for getting processed by all BeanPostProcessors (for example: not eligible for auto-proxying). The currently created BeanPostProcessor [loadBalancerWebClientBuilderBeanPostProcessor] is declared through a non-static factory method on that class; consider declaring it as static instead.
2024-04-14T14:42:18.713+05:45  WARN 513591 --- [review] [    Test worker] trationDelegate$BeanPostProcessorChecker : Bean 'org.springframework.cloud.client.loadbalancer.reactive.LoadBalancerBeanPostProcessorAutoConfiguration$ReactorDeferringLoadBalancerFilterConfig' of type [org.springframework.cloud.client.loadbalancer.reactive.LoadBalancerBeanPostProcessorAutoConfiguration$ReactorDeferringLoadBalancerFilterConfig] is not eligible for getting processed by all BeanPostProcessors (for example: not eligible for auto-proxying). Is this bean getting eagerly injected into a currently created BeanPostProcessor [loadBalancerWebClientBuilderBeanPostProcessor]? Check the corresponding BeanPostProcessor declaration and its dependencies.
2024-04-14T14:42:18.715+05:45  WARN 513591 --- [review] [    Test worker] trationDelegate$BeanPostProcessorChecker : Bean 'reactorDeferringLoadBalancerExchangeFilterFunction' of type [org.springframework.cloud.client.loadbalancer.reactive.DeferringLoadBalancerExchangeFilterFunction] is not eligible for getting processed by all BeanPostProcessors (for example: not eligible for auto-proxying). Is this bean getting eagerly injected into a currently created BeanPostProcessor [loadBalancerWebClientBuilderBeanPostProcessor]? Check the corresponding BeanPostProcessor declaration and its dependencies.
2024-04-14T14:42:19.051+05:45  INFO 513591 --- [review] [    Test worker] o.hibernate.jpa.internal.util.LogHelper  : HHH000204: Processing PersistenceUnitInfo [name: default]
2024-04-14T14:42:19.053+05:45  INFO 513591 --- [review] [    Test worker] o.h.c.internal.RegionFactoryInitiator    : HHH000026: Second-level cache disabled
2024-04-14T14:42:19.057+05:45  INFO 513591 --- [review] [    Test worker] o.s.o.j.p.SpringPersistenceUnitInfo      : No LoadTimeWeaver setup: ignoring JPA class transformer
2024-04-14T14:42:19.059+05:45  INFO 513591 --- [review] [    Test worker] com.zaxxer.hikari.HikariDataSource       : HikariPool-2 - Starting...
2024-04-14T14:42:19.072+05:45  INFO 513591 --- [review] [    Test worker] com.zaxxer.hikari.pool.HikariPool        : HikariPool-2 - Added connection com.mysql.cj.jdbc.ConnectionImpl@2eb3e87c
2024-04-14T14:42:19.072+05:45  INFO 513591 --- [review] [    Test worker] com.zaxxer.hikari.HikariDataSource       : HikariPool-2 - Start completed.
2024-04-14T14:42:19.157+05:45  INFO 513591 --- [review] [    Test worker] o.h.e.t.j.p.i.JtaPlatformInitiator       : HHH000489: No JTA platform available (set 'hibernate.transaction.jta.platform' to enable JTA platform integration)
2024-04-14T14:42:19.209+05:45  INFO 513591 --- [review] [    Test worker] j.LocalContainerEntityManagerFactoryBean : Initialized JPA EntityManagerFactory for persistence unit 'default'
2024-04-14T14:42:19.221+05:45  INFO 513591 --- [review] [    Test worker] c.m.r.ReviewServiceApplication           : Creates a jdbcScheduler with thread pool size = 10
2024-04-14T14:42:20.362+05:45  INFO 513591 --- [review] [    Test worker] o.s.b.a.e.web.EndpointLinksResolver      : Exposing 19 endpoint(s) beneath base path '/actuator'
2024-04-14T14:42:20.763+05:45  INFO 513591 --- [review] [    Test worker] o.s.c.s.m.DirectWithAttributesChannel    : Channel 'review.messageProcessor-in-0' has 1 subscriber(s).
2024-04-14T14:42:21.143+05:45  INFO 513591 --- [review] [    Test worker] DiscoveryClientOptionalArgsConfiguration : Eureka HTTP Client uses RestTemplate.
2024-04-14T14:42:21.230+05:45  WARN 513591 --- [review] [    Test worker] iguration$LoadBalancerCaffeineWarnLogger : Spring Cloud LoadBalancer is currently working with the default cache. While this cache implementation is useful for development and tests, it's recommended to use Caffeine cache in production.You can switch to using Caffeine cache, by adding it and org.springframework.cache.caffeine.CaffeineCacheManager to the classpath.
2024-04-14T14:42:21.444+05:45  INFO 513591 --- [review] [    Test worker] o.s.i.endpoint.EventDrivenConsumer       : Adding {logging-channel-adapter:_org.springframework.integration.errorLogger} as a subscriber to the 'errorChannel' channel
2024-04-14T14:42:21.444+05:45  INFO 513591 --- [review] [    Test worker] o.s.i.channel.PublishSubscribeChannel    : Channel 'review.errorChannel' has 1 subscriber(s).
2024-04-14T14:42:21.445+05:45  INFO 513591 --- [review] [    Test worker] o.s.i.endpoint.EventDrivenConsumer       : started bean '_org.springframework.integration.errorLogger'
2024-04-14T14:42:21.532+05:45  INFO 513591 --- [review] [    Test worker] o.s.b.web.embedded.netty.NettyWebServer  : Netty started on port 41617
2024-04-14T14:42:21.569+05:45  INFO 513591 --- [review] [    Test worker] o.s.c.stream.binder.BinderErrorChannel   : Channel '908047283.messageProcessor-in-0.errors' has 1 subscriber(s).
2024-04-14T14:42:21.570+05:45  INFO 513591 --- [review] [    Test worker] o.s.c.stream.binder.BinderErrorChannel   : Channel '908047283.messageProcessor-in-0.errors' has 2 subscriber(s).
2024-04-14T14:42:21.571+05:45  INFO 513591 --- [review] [    Test worker] o.s.i.channel.PublishSubscribeChannel    : Channel 'reviews.destination' has 1 subscriber(s).
2024-04-14T14:42:21.571+05:45  INFO 513591 --- [review] [    Test worker] r$IntegrationBinderInboundChannelAdapter : started org.springframework.cloud.stream.binder.test.TestChannelBinder$IntegrationBinderInboundChannelAdapter@25e79799
2024-04-14T14:42:21.613+05:45  INFO 513591 --- [review] [    Test worker] c.m.r.ReviewServiceApplicationTests      : Started ReviewServiceApplicationTests in 4.356 seconds (process running for 18.812)
2024-04-14T14:42:21.698+05:45 DEBUG 513591 --- [review] [    Test worker] org.hibernate.SQL                        : select re1_0.id,re1_0.author,re1_0.content,re1_0.product_id,re1_0.review_id,re1_0.subject,re1_0.version from reviews re1_0
2024-04-14T14:42:21.708+05:45 DEBUG 513591 --- [review] [    Test worker] org.hibernate.SQL                        : delete from reviews where id=? and version=?
2024-04-14T14:42:22.050+05:45 DEBUG 513591 --- [review] [    Test worker] org.hibernate.SQL                        : select re1_0.id,re1_0.author,re1_0.content,re1_0.product_id,re1_0.review_id,re1_0.subject,re1_0.version from reviews re1_0
2024-04-14T14:42:22.084+05:45 DEBUG 513591 --- [review] [    Test worker] org.hibernate.SQL                        : select re1_0.id,re1_0.author,re1_0.content,re1_0.product_id,re1_0.review_id,re1_0.subject,re1_0.version from reviews re1_0
2024-04-14T14:42:22.091+05:45 DEBUG 513591 --- [review] [    Test worker] org.hibernate.SQL                        : select re1_0.id,re1_0.author,re1_0.content,re1_0.product_id,re1_0.review_id,re1_0.subject,re1_0.version from reviews re1_0 where re1_0.product_id=?
2024-04-14T14:42:22.095+05:45  INFO 513591 --- [review] [    Test worker] c.m.r.service.MessageProcessorConfig     : Process message created at 2024-04-14T14:42:22.095531839+05:45[Asia/Kathmandu]...
2024-04-14T14:42:22.096+05:45  INFO 513591 --- [review] [    Test worker] c.m.r.service.MessageProcessorConfig     : Create review with ID: 1/1
2024-04-14T14:42:22.101+05:45 DEBUG 513591 --- [review] [    jdbc-pool-1] org.hibernate.SQL                        : select next_val as id_val from reviews_seq for update
2024-04-14T14:42:22.103+05:45 DEBUG 513591 --- [review] [    jdbc-pool-1] org.hibernate.SQL                        : update reviews_seq set next_val= ? where next_val=?
2024-04-14T14:42:22.107+05:45 DEBUG 513591 --- [review] [    jdbc-pool-1] org.hibernate.SQL                        : insert into reviews (author,content,product_id,review_id,subject,version,id) values (?,?,?,?,?,?,?)
2024-04-14T14:42:22.111+05:45  INFO 513591 --- [review] [    Test worker] c.m.r.service.MessageProcessorConfig     : Message processing done!
2024-04-14T14:42:22.111+05:45  INFO 513591 --- [review] [    Test worker] c.m.r.service.MessageProcessorConfig     : Process message created at 2024-04-14T14:42:22.111510055+05:45[Asia/Kathmandu]...
2024-04-14T14:42:22.111+05:45  INFO 513591 --- [review] [    Test worker] c.m.r.service.MessageProcessorConfig     : Create review with ID: 1/2
2024-04-14T14:42:22.113+05:45 DEBUG 513591 --- [review] [    jdbc-pool-1] org.hibernate.SQL                        : insert into reviews (author,content,product_id,review_id,subject,version,id) values (?,?,?,?,?,?,?)
2024-04-14T14:42:22.118+05:45  INFO 513591 --- [review] [    Test worker] c.m.r.service.MessageProcessorConfig     : Message processing done!
2024-04-14T14:42:22.118+05:45  INFO 513591 --- [review] [    Test worker] c.m.r.service.MessageProcessorConfig     : Process message created at 2024-04-14T14:42:22.118331941+05:45[Asia/Kathmandu]...
2024-04-14T14:42:22.118+05:45  INFO 513591 --- [review] [    Test worker] c.m.r.service.MessageProcessorConfig     : Create review with ID: 1/3
2024-04-14T14:42:22.120+05:45 DEBUG 513591 --- [review] [    jdbc-pool-1] org.hibernate.SQL                        : insert into reviews (author,content,product_id,review_id,subject,version,id) values (?,?,?,?,?,?,?)
2024-04-14T14:42:22.124+05:45  INFO 513591 --- [review] [    Test worker] c.m.r.service.MessageProcessorConfig     : Message processing done!
2024-04-14T14:42:22.127+05:45 DEBUG 513591 --- [review] [    Test worker] org.hibernate.SQL                        : select re1_0.id,re1_0.author,re1_0.content,re1_0.product_id,re1_0.review_id,re1_0.subject,re1_0.version from reviews re1_0 where re1_0.product_id=?
2024-04-14T14:42:22.138+05:45  INFO 513591 --- [review] [or-http-epoll-4] c.m.r.service.ReviewServiceImpl          : Will get reviews for product with id=1
2024-04-14T14:42:22.151+05:45 DEBUG 513591 --- [review] [    jdbc-pool-1] org.hibernate.SQL                        : select re1_0.id,re1_0.author,re1_0.content,re1_0.product_id,re1_0.review_id,re1_0.subject,re1_0.version from reviews re1_0 where re1_0.product_id=?
2024-04-14T14:42:22.186+05:45 DEBUG 513591 --- [review] [    Test worker] org.hibernate.SQL                        : select re1_0.id,re1_0.author,re1_0.content,re1_0.product_id,re1_0.review_id,re1_0.subject,re1_0.version from reviews re1_0
2024-04-14T14:42:22.189+05:45 DEBUG 513591 --- [review] [    Test worker] org.hibernate.SQL                        : delete from reviews where id=? and version=?
2024-04-14T14:42:22.192+05:45 DEBUG 513591 --- [review] [    Test worker] org.hibernate.SQL                        : delete from reviews where id=? and version=?
2024-04-14T14:42:22.194+05:45 DEBUG 513591 --- [review] [    Test worker] org.hibernate.SQL                        : delete from reviews where id=? and version=?
2024-04-14T14:42:22.202+05:45 DEBUG 513591 --- [review] [    Test worker] org.hibernate.SQL                        : select count(*) from reviews re1_0
2024-04-14T14:42:22.205+05:45  INFO 513591 --- [review] [    Test worker] c.m.r.service.MessageProcessorConfig     : Process message created at 2024-04-14T14:42:22.205708059+05:45[Asia/Kathmandu]...
2024-04-14T14:42:22.205+05:45  INFO 513591 --- [review] [    Test worker] c.m.r.service.MessageProcessorConfig     : Create review with ID: 1/1
2024-04-14T14:42:22.208+05:45 DEBUG 513591 --- [review] [    jdbc-pool-1] org.hibernate.SQL                        : insert into reviews (author,content,product_id,review_id,subject,version,id) values (?,?,?,?,?,?,?)
2024-04-14T14:42:22.212+05:45  INFO 513591 --- [review] [    Test worker] c.m.r.service.MessageProcessorConfig     : Message processing done!
2024-04-14T14:42:22.214+05:45 DEBUG 513591 --- [review] [    Test worker] org.hibernate.SQL                        : select count(*) from reviews re1_0
2024-04-14T14:42:22.220+05:45  INFO 513591 --- [review] [    Test worker] c.m.r.service.MessageProcessorConfig     : Process message created at 2024-04-14T14:42:22.220049941+05:45[Asia/Kathmandu]...
2024-04-14T14:42:22.220+05:45  INFO 513591 --- [review] [    Test worker] c.m.r.service.MessageProcessorConfig     : Create review with ID: 1/1
2024-04-14T14:42:22.222+05:45 DEBUG 513591 --- [review] [    jdbc-pool-1] org.hibernate.SQL                        : insert into reviews (author,content,product_id,review_id,subject,version,id) values (?,?,?,?,?,?,?)
2024-04-14T14:42:22.224+05:45  WARN 513591 --- [review] [    jdbc-pool-1] o.h.engine.jdbc.spi.SqlExceptionHelper   : SQL Error: 1062, SQLState: 23000
2024-04-14T14:42:22.224+05:45 ERROR 513591 --- [review] [    jdbc-pool-1] o.h.engine.jdbc.spi.SqlExceptionHelper   : Duplicate entry '1-1' for key 'reviews.reviews_unique_idx'
2024-04-14T14:42:22.229+05:45 DEBUG 513591 --- [review] [    Test worker] org.hibernate.SQL                        : select count(*) from reviews re1_0
2024-04-14T14:42:22.240+05:45 DEBUG 513591 --- [review] [    Test worker] org.hibernate.SQL                        : select re1_0.id,re1_0.author,re1_0.content,re1_0.product_id,re1_0.review_id,re1_0.subject,re1_0.version from reviews re1_0
2024-04-14T14:42:22.243+05:45 DEBUG 513591 --- [review] [    Test worker] org.hibernate.SQL                        : delete from reviews where id=? and version=?
2024-04-14T14:42:22.266+05:45 DEBUG 513591 --- [review] [    Test worker] org.hibernate.SQL                        : select re1_0.id,re1_0.author,re1_0.content,re1_0.product_id,re1_0.review_id,re1_0.subject,re1_0.version from reviews re1_0
2024-04-14T14:42:22.269+05:45  INFO 513591 --- [review] [    Test worker] c.m.r.service.MessageProcessorConfig     : Process message created at 2024-04-14T14:42:22.269713726+05:45[Asia/Kathmandu]...
2024-04-14T14:42:22.269+05:45  INFO 513591 --- [review] [    Test worker] c.m.r.service.MessageProcessorConfig     : Create review with ID: 1/1
2024-04-14T14:42:22.271+05:45 DEBUG 513591 --- [review] [    jdbc-pool-1] org.hibernate.SQL                        : insert into reviews (author,content,product_id,review_id,subject,version,id) values (?,?,?,?,?,?,?)
2024-04-14T14:42:22.276+05:45  INFO 513591 --- [review] [    Test worker] c.m.r.service.MessageProcessorConfig     : Message processing done!
2024-04-14T14:42:22.278+05:45 DEBUG 513591 --- [review] [    Test worker] org.hibernate.SQL                        : select re1_0.id,re1_0.author,re1_0.content,re1_0.product_id,re1_0.review_id,re1_0.subject,re1_0.version from reviews re1_0 where re1_0.product_id=?
2024-04-14T14:42:22.281+05:45  INFO 513591 --- [review] [    Test worker] c.m.r.service.MessageProcessorConfig     : Process message created at 2024-04-14T14:42:22.281601018+05:45[Asia/Kathmandu]...
2024-04-14T14:42:22.281+05:45  INFO 513591 --- [review] [    Test worker] c.m.r.service.MessageProcessorConfig     : Delete reviews with ProductID: 1
2024-04-14T14:42:22.286+05:45 DEBUG 513591 --- [review] [    jdbc-pool-1] org.hibernate.SQL                        : select re1_0.id,re1_0.author,re1_0.content,re1_0.product_id,re1_0.review_id,re1_0.subject,re1_0.version from reviews re1_0 where re1_0.product_id=?
2024-04-14T14:42:22.291+05:45 DEBUG 513591 --- [review] [    jdbc-pool-1] org.hibernate.SQL                        : select re1_0.id,re1_0.author,re1_0.content,re1_0.product_id,re1_0.review_id,re1_0.subject,re1_0.version from reviews re1_0 where re1_0.id=?
2024-04-14T14:42:22.294+05:45 DEBUG 513591 --- [review] [    jdbc-pool-1] org.hibernate.SQL                        : delete from reviews where id=? and version=?
2024-04-14T14:42:22.298+05:45  INFO 513591 --- [review] [    Test worker] c.m.r.service.MessageProcessorConfig     : Message processing done!
2024-04-14T14:42:22.301+05:45 DEBUG 513591 --- [review] [    Test worker] org.hibernate.SQL                        : select re1_0.id,re1_0.author,re1_0.content,re1_0.product_id,re1_0.review_id,re1_0.subject,re1_0.version from reviews re1_0 where re1_0.product_id=?
2024-04-14T14:42:22.304+05:45  INFO 513591 --- [review] [    Test worker] c.m.r.service.MessageProcessorConfig     : Process message created at 2024-04-14T14:42:22.304569047+05:45[Asia/Kathmandu]...
2024-04-14T14:42:22.304+05:45  INFO 513591 --- [review] [    Test worker] c.m.r.service.MessageProcessorConfig     : Delete reviews with ProductID: 1
2024-04-14T14:42:22.307+05:45 DEBUG 513591 --- [review] [    jdbc-pool-1] org.hibernate.SQL                        : select re1_0.id,re1_0.author,re1_0.content,re1_0.product_id,re1_0.review_id,re1_0.subject,re1_0.version from reviews re1_0 where re1_0.product_id=?
2024-04-14T14:42:22.312+05:45  INFO 513591 --- [review] [    Test worker] c.m.r.service.MessageProcessorConfig     : Message processing done!
2024-04-14T14:42:22.322+05:45 DEBUG 513591 --- [review] [    Test worker] org.hibernate.SQL                        : select re1_0.id,re1_0.author,re1_0.content,re1_0.product_id,re1_0.review_id,re1_0.subject,re1_0.version from reviews re1_0
2024-04-14T14:42:22.331+05:45  INFO 513591 --- [review] [or-http-epoll-4] c.m.r.service.ReviewServiceImpl          : Will get reviews for product with id=213
2024-04-14T14:42:22.334+05:45 DEBUG 513591 --- [review] [    jdbc-pool-1] org.hibernate.SQL                        : select re1_0.id,re1_0.author,re1_0.content,re1_0.product_id,re1_0.review_id,re1_0.subject,re1_0.version from reviews re1_0 where re1_0.product_id=?
]]></system-out>
  <system-err><![CDATA[]]></system-err>
</testsuite>
