<?xml version="1.0" encoding="UTF-8"?>
<testsuite name="com.micro.productservice.MapperTests" tests="1" skipped="0" failures="0" errors="0" timestamp="2024-04-14T08:56:24" hostname="suman-gajmer" time="0.019">
  <properties/>
  <testcase name="mapperTests()" classname="com.micro.productservice.MapperTests" time="0.019"/>
  <system-out><![CDATA[]]></system-out>
  <system-err><![CDATA[]]></system-err>
</testsuite>
