<?xml version="1.0" encoding="UTF-8"?>
<testsuite name="com.micro.productservice.PersistenceTests" tests="6" skipped="0" failures="0" errors="0" timestamp="2024-03-31T06:14:11" hostname="suman-gajmer-f1soft" time="1.049">
  <properties/>
  <testcase name="getByProductId()" classname="com.micro.productservice.PersistenceTests" time="0.84"/>
  <testcase name="optimisticLockError()" classname="com.micro.productservice.PersistenceTests" time="0.079"/>
  <testcase name="create()" classname="com.micro.productservice.PersistenceTests" time="0.043"/>
  <testcase name="delete()" classname="com.micro.productservice.PersistenceTests" time="0.029"/>
  <testcase name="update()" classname="com.micro.productservice.PersistenceTests" time="0.027"/>
  <testcase name="duplicateError()" classname="com.micro.productservice.PersistenceTests" time="0.022"/>
  <system-out><![CDATA[2024-03-31T11:59:05.702+05:45  INFO   --- [    Test worker] t.c.s.AnnotationConfigContextLoaderUtils : Could not detect default configuration classes for test class [com.micro.productservice.PersistenceTests]: PersistenceTests does not declare any static, non-private, non-final, nested classes annotated with @Configuration.
2024-03-31T11:59:05.813+05:45  INFO   --- [    Test worker] .b.t.c.SpringBootTestContextBootstrapper : Found @SpringBootConfiguration com.micro.productservice.ProductServiceApplication for test class com.micro.productservice.PersistenceTests
2024-03-31T11:59:05.876+05:45  INFO   --- [    Test worker] org.testcontainers.images.PullPolicy     : Image pull policy will be performed by: DefaultPullPolicy()
2024-03-31T11:59:05.879+05:45  INFO   --- [    Test worker] o.t.utility.ImageNameSubstitutor         : Image name substitution will be performed by: DefaultImageNameSubstitutor (composite of 'ConfigurationFileImageNameSubstitutor' and 'PrefixingImageNameSubstitutor')
2024-03-31T11:59:06.084+05:45  INFO   --- [    Test worker] o.t.d.DockerClientProviderStrategy       : Loaded org.testcontainers.dockerclient.UnixSocketClientProviderStrategy from ~/.testcontainers.properties, will try it first
2024-03-31T11:59:06.376+05:45  INFO   --- [    Test worker] o.t.d.DockerClientProviderStrategy       : Found Docker environment with local Unix socket (unix:///var/run/docker.sock)
2024-03-31T11:59:06.377+05:45  INFO   --- [    Test worker] org.testcontainers.DockerClientFactory   : Docker host IP address is localhost
2024-03-31T11:59:06.399+05:45  INFO   --- [    Test worker] org.testcontainers.DockerClientFactory   : Connected to docker: 
  Server Version: 24.0.5
  API Version: 1.43
  Operating System: Ubuntu Core 22
  Total Memory: 14796 MB
2024-03-31T11:59:06.458+05:45  INFO   --- [    Test worker] tc.testcontainers/ryuk:0.6.0             : Creating container for image: testcontainers/ryuk:0.6.0
2024-03-31T11:59:06.557+05:45  INFO   --- [    Test worker] tc.testcontainers/ryuk:0.6.0             : Container testcontainers/ryuk:0.6.0 is starting: 9c7f348d8fed9df8d330efb07fbb44473b758b4370958fb3d092cd0db23c122a
2024-03-31T11:59:07.031+05:45  INFO   --- [    Test worker] tc.testcontainers/ryuk:0.6.0             : Container testcontainers/ryuk:0.6.0 started in PT0.57284094S
2024-03-31T11:59:07.038+05:45  INFO   --- [    Test worker] o.t.utility.RyukResourceReaper           : Ryuk started - will monitor and terminate Testcontainers containers on JVM exit
2024-03-31T11:59:07.039+05:45  INFO   --- [    Test worker] org.testcontainers.DockerClientFactory   : Checking the system...
2024-03-31T11:59:07.040+05:45  INFO   --- [    Test worker] org.testcontainers.DockerClientFactory   : ✔︎ Docker server version should be at least 1.6.0
2024-03-31T11:59:07.043+05:45  INFO   --- [    Test worker] tc.mongo:6.0.4                           : Creating container for image: mongo:6.0.4
2024-03-31T11:59:07.078+05:45  INFO   --- [    Test worker] tc.mongo:6.0.4                           : Container mongo:6.0.4 is starting: b32bd0cee23d857e8f317322ab6f3b5044e5ce578be0fb429b7558bcd03f9942
2024-03-31T11:59:08.243+05:45  INFO   --- [    Test worker] tc.mongo:6.0.4                           : Container mongo:6.0.4 started in PT1.200790207S

  .   ____          _            __ _ _
 /\\ / ___'_ __ _ _(_)_ __  __ _ \ \ \ \
( ( )\___ | '_ | '_| | '_ \/ _` | \ \ \ \
 \\/  ___)| |_)| | | | | || (_| |  ) ) ) )
  '  |____| .__|_| |_|_| |_\__, | / / / /
 =========|_|==============|___/=/_/_/_/
 :: Spring Boot ::                (v3.2.3)

2024-03-31T11:59:10.374+05:45  INFO 170125 --- [    Test worker] c.micro.productservice.PersistenceTests  : Starting PersistenceTests using Java 17.0.10 with PID 170125 (started by suman in /home/suman/Workspace/microservices/product-service)
2024-03-31T11:59:10.375+05:45  INFO 170125 --- [    Test worker] c.micro.productservice.PersistenceTests  : No active profile set, falling back to 1 default profile: "default"
2024-03-31T11:59:10.747+05:45  INFO 170125 --- [    Test worker] .s.d.r.c.RepositoryConfigurationDelegate : Bootstrapping Spring Data Reactive MongoDB repositories in DEFAULT mode.
2024-03-31T11:59:10.867+05:45  INFO 170125 --- [    Test worker] .s.d.r.c.RepositoryConfigurationDelegate : Finished Spring Data repository scanning in 115 ms. Found 1 Reactive MongoDB repository interface.
2024-03-31T11:59:10.876+05:45  INFO 170125 --- [    Test worker] .s.d.r.c.RepositoryConfigurationDelegate : Bootstrapping Spring Data MongoDB repositories in DEFAULT mode.
2024-03-31T11:59:10.879+05:45  INFO 170125 --- [    Test worker] .s.d.r.c.RepositoryConfigurationDelegate : Finished Spring Data repository scanning in 2 ms. Found 0 MongoDB repository interfaces.
2024-03-31T11:59:11.271+05:45  INFO 170125 --- [    Test worker] org.mongodb.driver.client                : MongoClient with metadata {"driver": {"name": "mongo-java-driver|reactive-streams|spring-boot", "version": "4.11.1"}, "os": {"type": "Linux", "name": "Linux", "architecture": "amd64", "version": "5.15.0-100-generic"}, "platform": "Java/Private Build/17.0.10+7-Ubuntu-120.04.1"} created with settings MongoClientSettings{readPreference=primary, writeConcern=WriteConcern{w=null, wTimeout=null ms, journal=null}, retryWrites=true, retryReads=true, readConcern=ReadConcern{level=null}, credential=null, transportSettings=NettyTransportSettings{eventLoopGroup=io.netty.channel.nio.NioEventLoopGroup@5d37aa0f, socketChannelClass=null, allocator=null, sslContext=null}, streamFactoryFactory=null, commandListeners=[], codecRegistry=ProvidersCodecRegistry{codecProviders=[ValueCodecProvider{}, BsonValueCodecProvider{}, DBRefCodecProvider{}, DBObjectCodecProvider{}, DocumentCodecProvider{}, CollectionCodecProvider{}, IterableCodecProvider{}, MapCodecProvider{}, GeoJsonCodecProvider{}, GridFSFileCodecProvider{}, Jsr310CodecProvider{}, JsonObjectCodecProvider{}, BsonCodecProvider{}, EnumCodecProvider{}, com.mongodb.client.model.mql.ExpressionCodecProvider@6076c66, com.mongodb.Jep395RecordCodecProvider@485c84d7, com.mongodb.KotlinCodecProvider@1224e1b6]}, loggerSettings=LoggerSettings{maxDocumentLength=1000}, clusterSettings={hosts=[localhost:32777], srvServiceName=mongodb, mode=SINGLE, requiredClusterType=UNKNOWN, requiredReplicaSetName='null', serverSelector='null', clusterListeners='[]', serverSelectionTimeout='30000 ms', localThreshold='15 ms'}, socketSettings=SocketSettings{connectTimeoutMS=10000, readTimeoutMS=0, receiveBufferSize=0, proxySettings=ProxySettings{host=null, port=null, username=null, password=null}}, heartbeatSocketSettings=SocketSettings{connectTimeoutMS=10000, readTimeoutMS=10000, receiveBufferSize=0, proxySettings=ProxySettings{host=null, port=null, username=null, password=null}}, connectionPoolSettings=ConnectionPoolSettings{maxSize=100, minSize=0, maxWaitTimeMS=120000, maxConnectionLifeTimeMS=0, maxConnectionIdleTimeMS=0, maintenanceInitialDelayMS=0, maintenanceFrequencyMS=60000, connectionPoolListeners=[], maxConnecting=2}, serverSettings=ServerSettings{heartbeatFrequencyMS=10000, minHeartbeatFrequencyMS=500, serverListeners='[]', serverMonitorListeners='[]'}, sslSettings=SslSettings{enabled=false, invalidHostNameAllowed=false, context=null}, applicationName='null', compressorList=[], uuidRepresentation=JAVA_LEGACY, serverApi=null, autoEncryptionSettings=null, dnsClient=null, inetAddressResolver=null, contextProvider=null}
2024-03-31T11:59:11.287+05:45  INFO 170125 --- [    Test worker] org.mongodb.driver.client                : MongoClient with metadata {"driver": {"name": "mongo-java-driver|sync|spring-boot", "version": "4.11.1"}, "os": {"type": "Linux", "name": "Linux", "architecture": "amd64", "version": "5.15.0-100-generic"}, "platform": "Java/Private Build/17.0.10+7-Ubuntu-120.04.1"} created with settings MongoClientSettings{readPreference=primary, writeConcern=WriteConcern{w=null, wTimeout=null ms, journal=null}, retryWrites=true, retryReads=true, readConcern=ReadConcern{level=null}, credential=null, transportSettings=NettyTransportSettings{eventLoopGroup=io.netty.channel.nio.NioEventLoopGroup@6c2883b1, socketChannelClass=null, allocator=null, sslContext=null}, streamFactoryFactory=null, commandListeners=[], codecRegistry=ProvidersCodecRegistry{codecProviders=[ValueCodecProvider{}, BsonValueCodecProvider{}, DBRefCodecProvider{}, DBObjectCodecProvider{}, DocumentCodecProvider{}, CollectionCodecProvider{}, IterableCodecProvider{}, MapCodecProvider{}, GeoJsonCodecProvider{}, GridFSFileCodecProvider{}, Jsr310CodecProvider{}, JsonObjectCodecProvider{}, BsonCodecProvider{}, EnumCodecProvider{}, com.mongodb.client.model.mql.ExpressionCodecProvider@6076c66, com.mongodb.Jep395RecordCodecProvider@485c84d7, com.mongodb.KotlinCodecProvider@1224e1b6]}, loggerSettings=LoggerSettings{maxDocumentLength=1000}, clusterSettings={hosts=[localhost:32777], srvServiceName=mongodb, mode=SINGLE, requiredClusterType=UNKNOWN, requiredReplicaSetName='null', serverSelector='null', clusterListeners='[]', serverSelectionTimeout='30000 ms', localThreshold='15 ms'}, socketSettings=SocketSettings{connectTimeoutMS=10000, readTimeoutMS=0, receiveBufferSize=0, proxySettings=ProxySettings{host=null, port=null, username=null, password=null}}, heartbeatSocketSettings=SocketSettings{connectTimeoutMS=10000, readTimeoutMS=10000, receiveBufferSize=0, proxySettings=ProxySettings{host=null, port=null, username=null, password=null}}, connectionPoolSettings=ConnectionPoolSettings{maxSize=100, minSize=0, maxWaitTimeMS=120000, maxConnectionLifeTimeMS=0, maxConnectionIdleTimeMS=0, maintenanceInitialDelayMS=0, maintenanceFrequencyMS=60000, connectionPoolListeners=[], maxConnecting=2}, serverSettings=ServerSettings{heartbeatFrequencyMS=10000, minHeartbeatFrequencyMS=500, serverListeners='[]', serverMonitorListeners='[]'}, sslSettings=SslSettings{enabled=false, invalidHostNameAllowed=false, context=null}, applicationName='null', compressorList=[], uuidRepresentation=JAVA_LEGACY, serverApi=null, autoEncryptionSettings=null, dnsClient=null, inetAddressResolver=null, contextProvider=null}
2024-03-31T11:59:11.427+05:45  INFO 170125 --- [localhost:32777] org.mongodb.driver.cluster               : Monitor thread successfully connected to server with description ServerDescription{address=localhost:32777, type=REPLICA_SET_PRIMARY, state=CONNECTED, ok=true, minWireVersion=0, maxWireVersion=17, maxDocumentSize=16777216, logicalSessionTimeoutMinutes=30, roundTripTimeNanos=87439276, setName='docker-rs', canonicalAddress=b32bd0cee23d:27017, hosts=[b32bd0cee23d:27017], passives=[], arbiters=[], primary='b32bd0cee23d:27017', tagSet=TagSet{[]}, electionId=7fffffff0000000000000001, setVersion=1, topologyVersion=TopologyVersion{processId=6608ff2f5ab7d7a89aadf43c, counter=6}, lastWriteDate=Sun Mar 31 11:59:09 NPT 2024, lastUpdateTimeNanos=46347910524332}
2024-03-31T11:59:11.427+05:45  INFO 170125 --- [localhost:32777] org.mongodb.driver.cluster               : Monitor thread successfully connected to server with description ServerDescription{address=localhost:32777, type=REPLICA_SET_PRIMARY, state=CONNECTED, ok=true, minWireVersion=0, maxWireVersion=17, maxDocumentSize=16777216, logicalSessionTimeoutMinutes=30, roundTripTimeNanos=87350579, setName='docker-rs', canonicalAddress=b32bd0cee23d:27017, hosts=[b32bd0cee23d:27017], passives=[], arbiters=[], primary='b32bd0cee23d:27017', tagSet=TagSet{[]}, electionId=7fffffff0000000000000001, setVersion=1, topologyVersion=TopologyVersion{processId=6608ff2f5ab7d7a89aadf43c, counter=6}, lastWriteDate=Sun Mar 31 11:59:09 NPT 2024, lastUpdateTimeNanos=46347910524332}
2024-03-31T11:59:11.864+05:45  INFO 170125 --- [    Test worker] c.micro.productservice.PersistenceTests  : Started PersistenceTests in 1.828 seconds (process running for 7.288)
2024-03-31T11:59:12.559+05:45 DEBUG 170125 --- [    Test worker] o.s.d.m.core.ReactiveMongoTemplate       : Remove using query: {} in collection: products.
2024-03-31T11:59:12.618+05:45 DEBUG 170125 --- [    Test worker] o.s.d.m.core.ReactiveMongoTemplate       : Inserting Document containing fields: [version, productId, name, weight, _class] in collection: products
2024-03-31T11:59:12.654+05:45 DEBUG 170125 --- [    Test worker] o.s.d.m.core.ReactiveMongoTemplate       : find using query: { "productId" : 1} fields: Document{{}} for class: class com.micro.productservice.product.persistence.ProductEntity in collection: products
2024-03-31T11:59:12.719+05:45 DEBUG 170125 --- [    Test worker] o.s.d.m.core.ReactiveMongoTemplate       : Remove using query: {} in collection: products.
2024-03-31T11:59:12.725+05:45 DEBUG 170125 --- [    Test worker] o.s.d.m.core.ReactiveMongoTemplate       : Inserting Document containing fields: [version, productId, name, weight, _class] in collection: products
2024-03-31T11:59:12.732+05:45 DEBUG 170125 --- [    Test worker] o.s.d.m.core.ReactiveMongoTemplate       : findOne using query: { "id" : "6608ff341cee8565e6226604"} fields: Document{{}} for class: class com.micro.productservice.product.persistence.ProductEntity in collection: products
2024-03-31T11:59:12.743+05:45 DEBUG 170125 --- [    Test worker] o.s.d.m.core.ReactiveMongoTemplate       : findOne using query: { "id" : "6608ff341cee8565e6226604"} fields: Document{{}} for class: class com.micro.productservice.product.persistence.ProductEntity in collection: products
2024-03-31T11:59:12.763+05:45 DEBUG 170125 --- [    Test worker] o.s.d.m.core.ReactiveMongoTemplate       : Calling update using query: { "_id" : { "$oid" : "6608ff341cee8565e6226604"}, "version" : 0} and update: { "version" : 1, "productId" : 1, "name" : "n1", "weight" : 1, "_class" : "com.micro.productservice.product.persistence.ProductEntity"} in collection: products
2024-03-31T11:59:12.780+05:45 DEBUG 170125 --- [    Test worker] o.s.d.m.core.ReactiveMongoTemplate       : Calling update using query: { "_id" : { "$oid" : "6608ff341cee8565e6226604"}, "version" : 0} and update: { "version" : 1, "productId" : 1, "name" : "n", "weight" : 1, "_class" : "com.micro.productservice.product.persistence.ProductEntity"} in collection: products
2024-03-31T11:59:12.789+05:45 DEBUG 170125 --- [    Test worker] o.s.d.m.core.ReactiveMongoTemplate       : findOne using query: { "id" : "6608ff341cee8565e6226604"} fields: Document{{}} for class: class com.micro.productservice.product.persistence.ProductEntity in collection: products
2024-03-31T11:59:12.800+05:45 DEBUG 170125 --- [    Test worker] o.s.d.m.core.ReactiveMongoTemplate       : Remove using query: {} in collection: products.
2024-03-31T11:59:12.805+05:45 DEBUG 170125 --- [    Test worker] o.s.d.m.core.ReactiveMongoTemplate       : Inserting Document containing fields: [version, productId, name, weight, _class] in collection: products
2024-03-31T11:59:12.814+05:45 DEBUG 170125 --- [    Test worker] o.s.d.m.core.ReactiveMongoTemplate       : Inserting Document containing fields: [version, productId, name, weight, _class] in collection: products
2024-03-31T11:59:12.820+05:45 DEBUG 170125 --- [    Test worker] o.s.d.m.core.ReactiveMongoTemplate       : findOne using query: { "id" : "6608ff341cee8565e6226606"} fields: Document{{}} for class: class com.micro.productservice.product.persistence.ProductEntity in collection: products
2024-03-31T11:59:12.827+05:45 DEBUG 170125 --- [    Test worker] o.s.d.m.core.ReactiveMongoTemplate       : Executing count: {} in collection: products
2024-03-31T11:59:12.828+05:45 DEBUG 170125 --- [    Test worker] o.s.d.m.core.ReactiveMongoTemplate       : Executing count: {} in collection: products
2024-03-31T11:59:12.844+05:45 DEBUG 170125 --- [    Test worker] o.s.d.m.core.ReactiveMongoTemplate       : Remove using query: {} in collection: products.
2024-03-31T11:59:12.849+05:45 DEBUG 170125 --- [    Test worker] o.s.d.m.core.ReactiveMongoTemplate       : Inserting Document containing fields: [version, productId, name, weight, _class] in collection: products
2024-03-31T11:59:12.857+05:45 DEBUG 170125 --- [    Test worker] o.s.d.m.core.ReactiveMongoTemplate       : Remove using query: { "_id" : { "$oid" : "6608ff341cee8565e6226607"}, "version" : 0} in collection: products.
2024-03-31T11:59:12.865+05:45 DEBUG 170125 --- [    Test worker] o.s.d.m.core.ReactiveMongoTemplate       : exists: { "_id" : { "$oid" : "6608ff341cee8565e6226607"}} in collection: products
2024-03-31T11:59:12.875+05:45 DEBUG 170125 --- [    Test worker] o.s.d.m.core.ReactiveMongoTemplate       : Remove using query: {} in collection: products.
2024-03-31T11:59:12.879+05:45 DEBUG 170125 --- [    Test worker] o.s.d.m.core.ReactiveMongoTemplate       : Inserting Document containing fields: [version, productId, name, weight, _class] in collection: products
2024-03-31T11:59:12.887+05:45 DEBUG 170125 --- [    Test worker] o.s.d.m.core.ReactiveMongoTemplate       : Calling update using query: { "_id" : { "$oid" : "6608ff341cee8565e6226608"}, "version" : 0} and update: { "version" : 1, "productId" : 1, "name" : "n2", "weight" : 1, "_class" : "com.micro.productservice.product.persistence.ProductEntity"} in collection: products
2024-03-31T11:59:12.893+05:45 DEBUG 170125 --- [    Test worker] o.s.d.m.core.ReactiveMongoTemplate       : findOne using query: { "id" : "6608ff341cee8565e6226608"} fields: Document{{}} for class: class com.micro.productservice.product.persistence.ProductEntity in collection: products
2024-03-31T11:59:12.903+05:45 DEBUG 170125 --- [    Test worker] o.s.d.m.core.ReactiveMongoTemplate       : Remove using query: {} in collection: products.
2024-03-31T11:59:12.910+05:45 DEBUG 170125 --- [    Test worker] o.s.d.m.core.ReactiveMongoTemplate       : Inserting Document containing fields: [version, productId, name, weight, _class] in collection: products
2024-03-31T11:59:12.917+05:45 DEBUG 170125 --- [    Test worker] o.s.d.m.core.ReactiveMongoTemplate       : Inserting Document containing fields: [version, productId, name, weight, _class] in collection: products
]]></system-out>
  <system-err><![CDATA[]]></system-err>
</testsuite>
