<?xml version="1.0" encoding="UTF-8"?>
<testsuite name="com.micro.productservice.ProductServiceApplicationTests" tests="6" skipped="0" failures="0" errors="0" timestamp="2024-03-31T06:14:16" hostname="suman-gajmer-f1soft" time="0.77">
  <properties/>
  <testcase name="getProductById()" classname="com.micro.productservice.ProductServiceApplicationTests" time="0.491"/>
  <testcase name="getProductInvalidParameterNegativeValue()" classname="com.micro.productservice.ProductServiceApplicationTests" time="0.05"/>
  <testcase name="deleteProduct()" classname="com.micro.productservice.ProductServiceApplicationTests" time="0.068"/>
  <testcase name="duplicateError()" classname="com.micro.productservice.ProductServiceApplicationTests" time="0.049"/>
  <testcase name="getProductInvalidParameterString()" classname="com.micro.productservice.ProductServiceApplicationTests" time="0.066"/>
  <testcase name="getProductNotFound()" classname="com.micro.productservice.ProductServiceApplicationTests" time="0.036"/>
  <system-out><![CDATA[2024-03-31T11:59:12.930+05:45  INFO 170125 --- [    Test worker] t.c.s.AnnotationConfigContextLoaderUtils : Could not detect default configuration classes for test class [com.micro.productservice.ProductServiceApplicationTests]: ProductServiceApplicationTests does not declare any static, non-private, non-final, nested classes annotated with @Configuration.
2024-03-31T11:59:12.933+05:45  INFO 170125 --- [    Test worker] .b.t.c.SpringBootTestContextBootstrapper : Found @SpringBootConfiguration com.micro.productservice.ProductServiceApplication for test class com.micro.productservice.ProductServiceApplicationTests

  .   ____          _            __ _ _
 /\\ / ___'_ __ _ _(_)_ __  __ _ \ \ \ \
( ( )\___ | '_ | '_| | '_ \/ _` | \ \ \ \
 \\/  ___)| |_)| | | | | || (_| |  ) ) ) )
  '  |____| .__|_| |_|_| |_\__, | / / / /
 =========|_|==============|___/=/_/_/_/
 :: Spring Boot ::                (v3.2.3)

2024-03-31T11:59:12.981+05:45  INFO 170125 --- [    Test worker] c.m.p.ProductServiceApplicationTests     : Starting ProductServiceApplicationTests using Java 17.0.10 with PID 170125 (started by suman in /home/suman/Workspace/microservices/product-service)
2024-03-31T11:59:12.982+05:45  INFO 170125 --- [    Test worker] c.m.p.ProductServiceApplicationTests     : No active profile set, falling back to 1 default profile: "default"
2024-03-31T11:59:13.731+05:45  INFO 170125 --- [    Test worker] .s.d.r.c.RepositoryConfigurationDelegate : Bootstrapping Spring Data Reactive MongoDB repositories in DEFAULT mode.
2024-03-31T11:59:13.738+05:45  INFO 170125 --- [    Test worker] .s.d.r.c.RepositoryConfigurationDelegate : Finished Spring Data repository scanning in 6 ms. Found 1 Reactive MongoDB repository interface.
2024-03-31T11:59:13.741+05:45  INFO 170125 --- [    Test worker] .s.d.r.c.RepositoryConfigurationDelegate : Bootstrapping Spring Data MongoDB repositories in DEFAULT mode.
2024-03-31T11:59:13.743+05:45  INFO 170125 --- [    Test worker] .s.d.r.c.RepositoryConfigurationDelegate : Finished Spring Data repository scanning in 1 ms. Found 0 MongoDB repository interfaces.
2024-03-31T11:59:13.817+05:45  INFO 170125 --- [    Test worker] faultConfiguringBeanFactoryPostProcessor : No bean named 'errorChannel' has been explicitly defined. Therefore, a default PublishSubscribeChannel will be created.
2024-03-31T11:59:13.827+05:45  INFO 170125 --- [    Test worker] faultConfiguringBeanFactoryPostProcessor : No bean named 'integrationHeaderChannelRegistry' has been explicitly defined. Therefore, a default DefaultHeaderChannelRegistry will be created.
2024-03-31T11:59:14.245+05:45  INFO 170125 --- [    Test worker] org.mongodb.driver.client                : MongoClient with metadata {"driver": {"name": "mongo-java-driver|reactive-streams|spring-boot", "version": "4.11.1"}, "os": {"type": "Linux", "name": "Linux", "architecture": "amd64", "version": "5.15.0-100-generic"}, "platform": "Java/Private Build/17.0.10+7-Ubuntu-120.04.1"} created with settings MongoClientSettings{readPreference=primary, writeConcern=WriteConcern{w=null, wTimeout=null ms, journal=null}, retryWrites=true, retryReads=true, readConcern=ReadConcern{level=null}, credential=null, transportSettings=NettyTransportSettings{eventLoopGroup=io.netty.channel.nio.NioEventLoopGroup@14c1cba6, socketChannelClass=null, allocator=null, sslContext=null}, streamFactoryFactory=null, commandListeners=[io.micrometer.core.instrument.binder.mongodb.MongoMetricsCommandListener@6f78c132], codecRegistry=ProvidersCodecRegistry{codecProviders=[ValueCodecProvider{}, BsonValueCodecProvider{}, DBRefCodecProvider{}, DBObjectCodecProvider{}, DocumentCodecProvider{}, CollectionCodecProvider{}, IterableCodecProvider{}, MapCodecProvider{}, GeoJsonCodecProvider{}, GridFSFileCodecProvider{}, Jsr310CodecProvider{}, JsonObjectCodecProvider{}, BsonCodecProvider{}, EnumCodecProvider{}, com.mongodb.client.model.mql.ExpressionCodecProvider@6076c66, com.mongodb.Jep395RecordCodecProvider@485c84d7, com.mongodb.KotlinCodecProvider@1224e1b6]}, loggerSettings=LoggerSettings{maxDocumentLength=1000}, clusterSettings={hosts=[localhost:32777], srvServiceName=mongodb, mode=SINGLE, requiredClusterType=UNKNOWN, requiredReplicaSetName='null', serverSelector='null', clusterListeners='[]', serverSelectionTimeout='30000 ms', localThreshold='15 ms'}, socketSettings=SocketSettings{connectTimeoutMS=10000, readTimeoutMS=0, receiveBufferSize=0, proxySettings=ProxySettings{host=null, port=null, username=null, password=null}}, heartbeatSocketSettings=SocketSettings{connectTimeoutMS=10000, readTimeoutMS=10000, receiveBufferSize=0, proxySettings=ProxySettings{host=null, port=null, username=null, password=null}}, connectionPoolSettings=ConnectionPoolSettings{maxSize=100, minSize=0, maxWaitTimeMS=120000, maxConnectionLifeTimeMS=0, maxConnectionIdleTimeMS=0, maintenanceInitialDelayMS=0, maintenanceFrequencyMS=60000, connectionPoolListeners=[io.micrometer.core.instrument.binder.mongodb.MongoMetricsConnectionPoolListener@2a4bee4e], maxConnecting=2}, serverSettings=ServerSettings{heartbeatFrequencyMS=10000, minHeartbeatFrequencyMS=500, serverListeners='[]', serverMonitorListeners='[]'}, sslSettings=SslSettings{enabled=false, invalidHostNameAllowed=false, context=null}, applicationName='null', compressorList=[], uuidRepresentation=JAVA_LEGACY, serverApi=null, autoEncryptionSettings=null, dnsClient=null, inetAddressResolver=null, contextProvider=null}
2024-03-31T11:59:14.256+05:45  INFO 170125 --- [localhost:32777] org.mongodb.driver.cluster               : Monitor thread successfully connected to server with description ServerDescription{address=localhost:32777, type=REPLICA_SET_PRIMARY, state=CONNECTED, ok=true, minWireVersion=0, maxWireVersion=17, maxDocumentSize=16777216, logicalSessionTimeoutMinutes=30, roundTripTimeNanos=9546693, setName='docker-rs', canonicalAddress=b32bd0cee23d:27017, hosts=[b32bd0cee23d:27017], passives=[], arbiters=[], primary='b32bd0cee23d:27017', tagSet=TagSet{[]}, electionId=7fffffff0000000000000001, setVersion=1, topologyVersion=TopologyVersion{processId=6608ff2f5ab7d7a89aadf43c, counter=6}, lastWriteDate=Sun Mar 31 11:59:12 NPT 2024, lastUpdateTimeNanos=46350754891393}
2024-03-31T11:59:15.213+05:45  INFO 170125 --- [    Test worker] o.s.b.a.e.web.EndpointLinksResolver      : Exposing 17 endpoint(s) beneath base path '/actuator'
2024-03-31T11:59:15.502+05:45  INFO 170125 --- [    Test worker] org.mongodb.driver.client                : MongoClient with metadata {"driver": {"name": "mongo-java-driver|sync|spring-boot", "version": "4.11.1"}, "os": {"type": "Linux", "name": "Linux", "architecture": "amd64", "version": "5.15.0-100-generic"}, "platform": "Java/Private Build/17.0.10+7-Ubuntu-120.04.1"} created with settings MongoClientSettings{readPreference=primary, writeConcern=WriteConcern{w=null, wTimeout=null ms, journal=null}, retryWrites=true, retryReads=true, readConcern=ReadConcern{level=null}, credential=null, transportSettings=NettyTransportSettings{eventLoopGroup=io.netty.channel.nio.NioEventLoopGroup@273cb729, socketChannelClass=null, allocator=null, sslContext=null}, streamFactoryFactory=null, commandListeners=[io.micrometer.core.instrument.binder.mongodb.MongoMetricsCommandListener@6f78c132], codecRegistry=ProvidersCodecRegistry{codecProviders=[ValueCodecProvider{}, BsonValueCodecProvider{}, DBRefCodecProvider{}, DBObjectCodecProvider{}, DocumentCodecProvider{}, CollectionCodecProvider{}, IterableCodecProvider{}, MapCodecProvider{}, GeoJsonCodecProvider{}, GridFSFileCodecProvider{}, Jsr310CodecProvider{}, JsonObjectCodecProvider{}, BsonCodecProvider{}, EnumCodecProvider{}, com.mongodb.client.model.mql.ExpressionCodecProvider@6076c66, com.mongodb.Jep395RecordCodecProvider@485c84d7, com.mongodb.KotlinCodecProvider@1224e1b6]}, loggerSettings=LoggerSettings{maxDocumentLength=1000}, clusterSettings={hosts=[localhost:32777], srvServiceName=mongodb, mode=SINGLE, requiredClusterType=UNKNOWN, requiredReplicaSetName='null', serverSelector='null', clusterListeners='[]', serverSelectionTimeout='30000 ms', localThreshold='15 ms'}, socketSettings=SocketSettings{connectTimeoutMS=10000, readTimeoutMS=0, receiveBufferSize=0, proxySettings=ProxySettings{host=null, port=null, username=null, password=null}}, heartbeatSocketSettings=SocketSettings{connectTimeoutMS=10000, readTimeoutMS=10000, receiveBufferSize=0, proxySettings=ProxySettings{host=null, port=null, username=null, password=null}}, connectionPoolSettings=ConnectionPoolSettings{maxSize=100, minSize=0, maxWaitTimeMS=120000, maxConnectionLifeTimeMS=0, maxConnectionIdleTimeMS=0, maintenanceInitialDelayMS=0, maintenanceFrequencyMS=60000, connectionPoolListeners=[io.micrometer.core.instrument.binder.mongodb.MongoMetricsConnectionPoolListener@2a4bee4e], maxConnecting=2}, serverSettings=ServerSettings{heartbeatFrequencyMS=10000, minHeartbeatFrequencyMS=500, serverListeners='[]', serverMonitorListeners='[]'}, sslSettings=SslSettings{enabled=false, invalidHostNameAllowed=false, context=null}, applicationName='null', compressorList=[], uuidRepresentation=JAVA_LEGACY, serverApi=null, autoEncryptionSettings=null, dnsClient=null, inetAddressResolver=null, contextProvider=null}
2024-03-31T11:59:15.511+05:45  INFO 170125 --- [localhost:32777] org.mongodb.driver.cluster               : Monitor thread successfully connected to server with description ServerDescription{address=localhost:32777, type=REPLICA_SET_PRIMARY, state=CONNECTED, ok=true, minWireVersion=0, maxWireVersion=17, maxDocumentSize=16777216, logicalSessionTimeoutMinutes=30, roundTripTimeNanos=7488831, setName='docker-rs', canonicalAddress=b32bd0cee23d:27017, hosts=[b32bd0cee23d:27017], passives=[], arbiters=[], primary='b32bd0cee23d:27017', tagSet=TagSet{[]}, electionId=7fffffff0000000000000001, setVersion=1, topologyVersion=TopologyVersion{processId=6608ff2f5ab7d7a89aadf43c, counter=6}, lastWriteDate=Sun Mar 31 11:59:12 NPT 2024, lastUpdateTimeNanos=46352009801755}
2024-03-31T11:59:15.658+05:45  INFO 170125 --- [    Test worker] o.s.c.s.m.DirectWithAttributesChannel    : Channel 'application.messageProcessor-in-0' has 1 subscriber(s).
2024-03-31T11:59:16.057+05:45  INFO 170125 --- [    Test worker] o.s.i.endpoint.EventDrivenConsumer       : Adding {logging-channel-adapter:_org.springframework.integration.errorLogger} as a subscriber to the 'errorChannel' channel
2024-03-31T11:59:16.057+05:45  INFO 170125 --- [    Test worker] o.s.i.channel.PublishSubscribeChannel    : Channel 'application.errorChannel' has 1 subscriber(s).
2024-03-31T11:59:16.058+05:45  INFO 170125 --- [    Test worker] o.s.i.endpoint.EventDrivenConsumer       : started bean '_org.springframework.integration.errorLogger'
2024-03-31T11:59:16.149+05:45  INFO 170125 --- [    Test worker] o.s.b.web.embedded.netty.NettyWebServer  : Netty started on port 35667
2024-03-31T11:59:16.152+05:45  INFO 170125 --- [    Test worker] o.s.c.s.binder.DefaultBinderFactory      : Creating binder: rabbit
2024-03-31T11:59:16.153+05:45  INFO 170125 --- [    Test worker] o.s.c.s.binder.DefaultBinderFactory      : Constructing binder child context for rabbit
2024-03-31T11:59:16.472+05:45  INFO 170125 --- [    Test worker] o.s.c.s.binder.DefaultBinderFactory      : Caching the binder: rabbit
2024-03-31T11:59:16.484+05:45  INFO 170125 --- [    Test worker] c.s.b.r.p.RabbitExchangeQueueProvisioner : declaring queue for inbound: products.productsGroup, bound to: products
2024-03-31T11:59:16.490+05:45  INFO 170125 --- [    Test worker] o.s.a.r.c.CachingConnectionFactory       : Attempting to connect to: [127.0.0.1:5672]
2024-03-31T11:59:16.497+05:45  INFO 170125 --- [    Test worker] o.s.a.r.c.CachingConnectionFactory       : Attempting to connect to: [127.0.0.1:5672]
2024-03-31T11:59:16.500+05:45  INFO 170125 --- [    Test worker] o.s.a.r.c.CachingConnectionFactory       : Attempting to connect to: [127.0.0.1:5672]
2024-03-31T11:59:16.501+05:45  INFO 170125 --- [    Test worker] o.s.a.r.c.CachingConnectionFactory       : Attempting to connect to: [127.0.0.1:5672]
2024-03-31T11:59:16.502+05:45  INFO 170125 --- [    Test worker] o.s.a.r.c.CachingConnectionFactory       : Attempting to connect to: [127.0.0.1:5672]
2024-03-31T11:59:16.503+05:45  INFO 170125 --- [    Test worker] o.s.a.r.c.CachingConnectionFactory       : Attempting to connect to: [127.0.0.1:5672]
2024-03-31T11:59:16.505+05:45  INFO 170125 --- [    Test worker] o.s.a.r.c.CachingConnectionFactory       : Attempting to connect to: [127.0.0.1:5672]
2024-03-31T11:59:16.525+05:45  INFO 170125 --- [    Test worker] o.s.c.stream.binder.BinderErrorChannel   : Channel 'rabbit-1570135485.messageProcessor-in-0.errors' has 1 subscriber(s).
2024-03-31T11:59:16.527+05:45  INFO 170125 --- [    Test worker] o.s.c.stream.binder.BinderErrorChannel   : Channel 'rabbit-1570135485.messageProcessor-in-0.errors' has 2 subscriber(s).
2024-03-31T11:59:16.533+05:45  INFO 170125 --- [    Test worker] o.s.a.r.c.CachingConnectionFactory       : Attempting to connect to: [127.0.0.1:5672]
2024-03-31T11:59:16.534+05:45  INFO 170125 --- [    Test worker] o.s.a.r.l.SimpleMessageListenerContainer : Broker not available; cannot force queue declarations during start: java.net.ConnectException: Connection refused
2024-03-31T11:59:16.549+05:45  INFO 170125 --- [productsGroup-1] o.s.a.r.c.CachingConnectionFactory       : Attempting to connect to: [127.0.0.1:5672]
2024-03-31T11:59:16.550+05:45  INFO 170125 --- [    Test worker] o.s.i.a.i.AmqpInboundChannelAdapter      : started bean 'inbound.products.productsGroup'
2024-03-31T11:59:16.606+05:45  INFO 170125 --- [    Test worker] c.m.p.ProductServiceApplicationTests     : Started ProductServiceApplicationTests in 3.664 seconds (process running for 12.03)
2024-03-31T11:59:16.679+05:45 DEBUG 170125 --- [    Test worker] o.s.d.m.core.ReactiveMongoTemplate       : Remove using query: {} in collection: products.
2024-03-31T11:59:16.706+05:45 DEBUG 170125 --- [    Test worker] o.s.d.m.core.ReactiveMongoTemplate       : find using query: { "productId" : 1} fields: Document{{}} for class: class com.micro.productservice.product.persistence.ProductEntity in collection: products
2024-03-31T11:59:16.713+05:45 DEBUG 170125 --- [    Test worker] o.s.d.m.core.ReactiveMongoTemplate       : Executing count: {} in collection: products
2024-03-31T11:59:16.714+05:45 DEBUG 170125 --- [    Test worker] o.s.d.m.core.ReactiveMongoTemplate       : Executing count: {} in collection: products
2024-03-31T11:59:16.721+05:45  INFO 170125 --- [    Test worker] c.m.p.p.service.MessageProcessorConfig   : Process message created at 2024-03-31T11:59:16.720903549+05:45[Asia/Kathmandu]...
2024-03-31T11:59:16.722+05:45  INFO 170125 --- [    Test worker] c.m.p.p.service.MessageProcessorConfig   : Create product with ID: 1
2024-03-31T11:59:16.731+05:45 DEBUG 170125 --- [    Test worker] o.s.d.m.core.ReactiveMongoTemplate       : Inserting Document containing fields: [version, productId, name, weight, _class] in collection: products
2024-03-31T11:59:16.740+05:45  INFO 170125 --- [    Test worker] c.m.p.p.service.MessageProcessorConfig   : Message processing done!
2024-03-31T11:59:16.742+05:45 DEBUG 170125 --- [    Test worker] o.s.d.m.core.ReactiveMongoTemplate       : find using query: { "productId" : 1} fields: Document{{}} for class: class com.micro.productservice.product.persistence.ProductEntity in collection: products
2024-03-31T11:59:16.753+05:45 DEBUG 170125 --- [    Test worker] o.s.d.m.core.ReactiveMongoTemplate       : Executing count: {} in collection: products
2024-03-31T11:59:16.753+05:45 DEBUG 170125 --- [    Test worker] o.s.d.m.core.ReactiveMongoTemplate       : Executing count: {} in collection: products
2024-03-31T11:59:17.007+05:45  INFO 170125 --- [or-http-epoll-4] c.m.p.p.service.ProductServiceImpl       : Will get product info for id=1
2024-03-31T11:59:17.046+05:45 DEBUG 170125 --- [or-http-epoll-4] o.s.d.m.core.ReactiveMongoTemplate       : find using query: { "productId" : 1} fields: Document{{}} for class: class com.micro.productservice.product.persistence.ProductEntity in collection: products
2024-03-31T11:59:17.165+05:45 DEBUG 170125 --- [    Test worker] o.s.d.m.core.ReactiveMongoTemplate       : Remove using query: {} in collection: products.
2024-03-31T11:59:17.220+05:45 DEBUG 170125 --- [    Test worker] o.s.d.m.core.ReactiveMongoTemplate       : Remove using query: {} in collection: products.
2024-03-31T11:59:17.226+05:45  INFO 170125 --- [    Test worker] c.m.p.p.service.MessageProcessorConfig   : Process message created at 2024-03-31T11:59:17.226552566+05:45[Asia/Kathmandu]...
2024-03-31T11:59:17.227+05:45  INFO 170125 --- [    Test worker] c.m.p.p.service.MessageProcessorConfig   : Create product with ID: 1
2024-03-31T11:59:17.228+05:45 DEBUG 170125 --- [    Test worker] o.s.d.m.core.ReactiveMongoTemplate       : Inserting Document containing fields: [version, productId, name, weight, _class] in collection: products
2024-03-31T11:59:17.235+05:45  INFO 170125 --- [    Test worker] c.m.p.p.service.MessageProcessorConfig   : Message processing done!
2024-03-31T11:59:17.236+05:45 DEBUG 170125 --- [    Test worker] o.s.d.m.core.ReactiveMongoTemplate       : find using query: { "productId" : 1} fields: Document{{}} for class: class com.micro.productservice.product.persistence.ProductEntity in collection: products
2024-03-31T11:59:17.243+05:45  INFO 170125 --- [    Test worker] c.m.p.p.service.MessageProcessorConfig   : Process message created at 2024-03-31T11:59:17.243525653+05:45[Asia/Kathmandu]...
2024-03-31T11:59:17.244+05:45  INFO 170125 --- [    Test worker] c.m.p.p.service.MessageProcessorConfig   : Delete product with ProductID: 1
2024-03-31T11:59:17.246+05:45 DEBUG 170125 --- [    Test worker] o.s.d.m.core.ReactiveMongoTemplate       : find using query: { "productId" : 1} fields: Document{{}} for class: class com.micro.productservice.product.persistence.ProductEntity in collection: products
2024-03-31T11:59:17.255+05:45 DEBUG 170125 --- [ntLoopGroup-5-3] o.s.d.m.core.ReactiveMongoTemplate       : Remove using query: { "_id" : { "$oid" : "6608ff391cee8565e622660e"}, "version" : 0} in collection: products.
2024-03-31T11:59:17.264+05:45  INFO 170125 --- [    Test worker] c.m.p.p.service.MessageProcessorConfig   : Message processing done!
2024-03-31T11:59:17.265+05:45 DEBUG 170125 --- [    Test worker] o.s.d.m.core.ReactiveMongoTemplate       : find using query: { "productId" : 1} fields: Document{{}} for class: class com.micro.productservice.product.persistence.ProductEntity in collection: products
2024-03-31T11:59:17.271+05:45  INFO 170125 --- [    Test worker] c.m.p.p.service.MessageProcessorConfig   : Process message created at 2024-03-31T11:59:17.271263180+05:45[Asia/Kathmandu]...
2024-03-31T11:59:17.271+05:45  INFO 170125 --- [    Test worker] c.m.p.p.service.MessageProcessorConfig   : Delete product with ProductID: 1
2024-03-31T11:59:17.273+05:45 DEBUG 170125 --- [    Test worker] o.s.d.m.core.ReactiveMongoTemplate       : find using query: { "productId" : 1} fields: Document{{}} for class: class com.micro.productservice.product.persistence.ProductEntity in collection: products
2024-03-31T11:59:17.279+05:45  INFO 170125 --- [    Test worker] c.m.p.p.service.MessageProcessorConfig   : Message processing done!
2024-03-31T11:59:17.288+05:45 DEBUG 170125 --- [    Test worker] o.s.d.m.core.ReactiveMongoTemplate       : Remove using query: {} in collection: products.
2024-03-31T11:59:17.295+05:45 DEBUG 170125 --- [    Test worker] o.s.d.m.core.ReactiveMongoTemplate       : find using query: { "productId" : 1} fields: Document{{}} for class: class com.micro.productservice.product.persistence.ProductEntity in collection: products
2024-03-31T11:59:17.300+05:45  INFO 170125 --- [    Test worker] c.m.p.p.service.MessageProcessorConfig   : Process message created at 2024-03-31T11:59:17.300493207+05:45[Asia/Kathmandu]...
2024-03-31T11:59:17.301+05:45  INFO 170125 --- [    Test worker] c.m.p.p.service.MessageProcessorConfig   : Create product with ID: 1
2024-03-31T11:59:17.302+05:45 DEBUG 170125 --- [    Test worker] o.s.d.m.core.ReactiveMongoTemplate       : Inserting Document containing fields: [version, productId, name, weight, _class] in collection: products
2024-03-31T11:59:17.309+05:45  INFO 170125 --- [    Test worker] c.m.p.p.service.MessageProcessorConfig   : Message processing done!
2024-03-31T11:59:17.310+05:45 DEBUG 170125 --- [    Test worker] o.s.d.m.core.ReactiveMongoTemplate       : find using query: { "productId" : 1} fields: Document{{}} for class: class com.micro.productservice.product.persistence.ProductEntity in collection: products
2024-03-31T11:59:17.319+05:45  INFO 170125 --- [    Test worker] c.m.p.p.service.MessageProcessorConfig   : Process message created at 2024-03-31T11:59:17.319682974+05:45[Asia/Kathmandu]...
2024-03-31T11:59:17.320+05:45  INFO 170125 --- [    Test worker] c.m.p.p.service.MessageProcessorConfig   : Create product with ID: 1
2024-03-31T11:59:17.321+05:45 DEBUG 170125 --- [    Test worker] o.s.d.m.core.ReactiveMongoTemplate       : Inserting Document containing fields: [version, productId, name, weight, _class] in collection: products
2024-03-31T11:59:17.340+05:45 DEBUG 170125 --- [    Test worker] o.s.d.m.core.ReactiveMongoTemplate       : Remove using query: {} in collection: products.
2024-03-31T11:59:17.408+05:45 DEBUG 170125 --- [    Test worker] o.s.d.m.core.ReactiveMongoTemplate       : Remove using query: {} in collection: products.
2024-03-31T11:59:17.421+05:45  INFO 170125 --- [or-http-epoll-4] c.m.p.p.service.ProductServiceImpl       : Will get product info for id=13
2024-03-31T11:59:17.423+05:45 DEBUG 170125 --- [or-http-epoll-4] o.s.d.m.core.ReactiveMongoTemplate       : find using query: { "productId" : 13} fields: Document{{}} for class: class com.micro.productservice.product.persistence.ProductEntity in collection: products
]]></system-out>
  <system-err><![CDATA[]]></system-err>
</testsuite>
