<?xml version="1.0" encoding="UTF-8"?>
<testsuite name="com.micro.recommendationservice.RecommendationServiceApplicationTests" tests="7" skipped="0" failures="0" errors="0" timestamp="2024-04-14T08:56:53" hostname="suman-gajmer" time="0.579">
  <properties/>
  <testcase name="deleteRecommendations()" classname="com.micro.recommendationservice.RecommendationServiceApplicationTests" time="0.091"/>
  <testcase name="getRecommendationsInvalidParameter()" classname="com.micro.recommendationservice.RecommendationServiceApplicationTests" time="0.289"/>
  <testcase name="getRecommendationsNotFound()" classname="com.micro.recommendationservice.RecommendationServiceApplicationTests" time="0.052"/>
  <testcase name="getRecommendationsByProductId()" classname="com.micro.recommendationservice.RecommendationServiceApplicationTests" time="0.064"/>
  <testcase name="getRecommendationsInvalidParameterNegativeValue()" classname="com.micro.recommendationservice.RecommendationServiceApplicationTests" time="0.023"/>
  <testcase name="duplicateError()" classname="com.micro.recommendationservice.RecommendationServiceApplicationTests" time="0.034"/>
  <testcase name="getRecommendationsMissingParameter()" classname="com.micro.recommendationservice.RecommendationServiceApplicationTests" time="0.019"/>
  <system-out><![CDATA[2024-04-14T14:41:49.945+05:45  INFO 512917 --- [recommendation] [    Test worker] t.c.s.AnnotationConfigContextLoaderUtils : Could not detect default configuration classes for test class [com.micro.recommendationservice.RecommendationServiceApplicationTests]: RecommendationServiceApplicationTests does not declare any static, non-private, non-final, nested classes annotated with @Configuration.
2024-04-14T14:41:49.948+05:45  INFO 512917 --- [recommendation] [    Test worker] .b.t.c.SpringBootTestContextBootstrapper : Found @SpringBootConfiguration com.micro.recommendationservice.RecommendationServiceApplication for test class com.micro.recommendationservice.RecommendationServiceApplicationTests

  .   ____          _            __ _ _
 /\\ / ___'_ __ _ _(_)_ __  __ _ \ \ \ \
( ( )\___ | '_ | '_| | '_ \/ _` | \ \ \ \
 \\/  ___)| |_)| | | | | || (_| |  ) ) ) )
  '  |____| .__|_| |_|_| |_\__, | / / / /
 =========|_|==============|___/=/_/_/_/
 :: Spring Boot ::                (v3.2.3)

2024-04-14T14:41:50.021+05:45  INFO 512917 --- [recommendation] [    Test worker] .r.RecommendationServiceApplicationTests : Starting RecommendationServiceApplicationTests using Java 17.0.10 with PID 512917 (started by suman in /home/suman/Workspace/microservices/recommendation-service)
2024-04-14T14:41:50.021+05:45  INFO 512917 --- [recommendation] [    Test worker] .r.RecommendationServiceApplicationTests : No active profile set, falling back to 1 default profile: "default"
2024-04-14T14:41:50.798+05:45  INFO 512917 --- [recommendation] [    Test worker] .s.d.r.c.RepositoryConfigurationDelegate : Bootstrapping Spring Data Reactive MongoDB repositories in DEFAULT mode.
2024-04-14T14:41:50.805+05:45  INFO 512917 --- [recommendation] [    Test worker] .s.d.r.c.RepositoryConfigurationDelegate : Finished Spring Data repository scanning in 6 ms. Found 1 Reactive MongoDB repository interface.
2024-04-14T14:41:50.808+05:45  INFO 512917 --- [recommendation] [    Test worker] .s.d.r.c.RepositoryConfigurationDelegate : Bootstrapping Spring Data MongoDB repositories in DEFAULT mode.
2024-04-14T14:41:50.810+05:45  INFO 512917 --- [recommendation] [    Test worker] .s.d.r.c.RepositoryConfigurationDelegate : Finished Spring Data repository scanning in 2 ms. Found 0 MongoDB repository interfaces.
2024-04-14T14:41:51.081+05:45  INFO 512917 --- [recommendation] [    Test worker] faultConfiguringBeanFactoryPostProcessor : No bean named 'errorChannel' has been explicitly defined. Therefore, a default PublishSubscribeChannel will be created.
2024-04-14T14:41:51.095+05:45  INFO 512917 --- [recommendation] [    Test worker] faultConfiguringBeanFactoryPostProcessor : No bean named 'integrationHeaderChannelRegistry' has been explicitly defined. Therefore, a default DefaultHeaderChannelRegistry will be created.
2024-04-14T14:41:51.168+05:45  INFO 512917 --- [recommendation] [    Test worker] o.s.cloud.context.scope.GenericScope     : BeanFactory id=0529585e-1ccb-33ad-8a45-83b852f30324
2024-04-14T14:41:51.323+05:45  WARN 512917 --- [recommendation] [    Test worker] trationDelegate$BeanPostProcessorChecker : Bean 'org.springframework.cloud.client.loadbalancer.LoadBalancerAutoConfiguration$DeferringLoadBalancerInterceptorConfig' of type [org.springframework.cloud.client.loadbalancer.LoadBalancerAutoConfiguration$DeferringLoadBalancerInterceptorConfig] is not eligible for getting processed by all BeanPostProcessors (for example: not eligible for auto-proxying). The currently created BeanPostProcessor [lbRestClientPostProcessor] is declared through a non-static factory method on that class; consider declaring it as static instead.
2024-04-14T14:41:51.327+05:45  WARN 512917 --- [recommendation] [    Test worker] trationDelegate$BeanPostProcessorChecker : Bean 'deferringLoadBalancerInterceptor' of type [org.springframework.cloud.client.loadbalancer.DeferringLoadBalancerInterceptor] is not eligible for getting processed by all BeanPostProcessors (for example: not eligible for auto-proxying). Is this bean getting eagerly injected into a currently created BeanPostProcessor [lbRestClientPostProcessor]? Check the corresponding BeanPostProcessor declaration and its dependencies.
2024-04-14T14:41:51.330+05:45  WARN 512917 --- [recommendation] [    Test worker] trationDelegate$BeanPostProcessorChecker : Bean 'org.springframework.cloud.client.loadbalancer.reactive.LoadBalancerBeanPostProcessorAutoConfiguration' of type [org.springframework.cloud.client.loadbalancer.reactive.LoadBalancerBeanPostProcessorAutoConfiguration] is not eligible for getting processed by all BeanPostProcessors (for example: not eligible for auto-proxying). The currently created BeanPostProcessor [loadBalancerWebClientBuilderBeanPostProcessor] is declared through a non-static factory method on that class; consider declaring it as static instead.
2024-04-14T14:41:51.333+05:45  WARN 512917 --- [recommendation] [    Test worker] trationDelegate$BeanPostProcessorChecker : Bean 'org.springframework.cloud.client.loadbalancer.reactive.LoadBalancerBeanPostProcessorAutoConfiguration$ReactorDeferringLoadBalancerFilterConfig' of type [org.springframework.cloud.client.loadbalancer.reactive.LoadBalancerBeanPostProcessorAutoConfiguration$ReactorDeferringLoadBalancerFilterConfig] is not eligible for getting processed by all BeanPostProcessors (for example: not eligible for auto-proxying). Is this bean getting eagerly injected into a currently created BeanPostProcessor [loadBalancerWebClientBuilderBeanPostProcessor]? Check the corresponding BeanPostProcessor declaration and its dependencies.
2024-04-14T14:41:51.335+05:45  WARN 512917 --- [recommendation] [    Test worker] trationDelegate$BeanPostProcessorChecker : Bean 'reactorDeferringLoadBalancerExchangeFilterFunction' of type [org.springframework.cloud.client.loadbalancer.reactive.DeferringLoadBalancerExchangeFilterFunction] is not eligible for getting processed by all BeanPostProcessors (for example: not eligible for auto-proxying). Is this bean getting eagerly injected into a currently created BeanPostProcessor [loadBalancerWebClientBuilderBeanPostProcessor]? Check the corresponding BeanPostProcessor declaration and its dependencies.
2024-04-14T14:41:51.658+05:45  INFO 512917 --- [recommendation] [    Test worker] org.mongodb.driver.client                : MongoClient with metadata {"driver": {"name": "mongo-java-driver|reactive-streams|spring-boot", "version": "4.11.1"}, "os": {"type": "Linux", "name": "Linux", "architecture": "amd64", "version": "5.19.0-32-generic"}, "platform": "Java/Oracle Corporation/17.0.10+11-LTS-240"} created with settings MongoClientSettings{readPreference=primary, writeConcern=WriteConcern{w=null, wTimeout=null ms, journal=null}, retryWrites=true, retryReads=true, readConcern=ReadConcern{level=null}, credential=null, transportSettings=NettyTransportSettings{eventLoopGroup=io.netty.channel.nio.NioEventLoopGroup@440309c5, socketChannelClass=null, allocator=null, sslContext=null}, streamFactoryFactory=null, commandListeners=[io.micrometer.core.instrument.binder.mongodb.MongoMetricsCommandListener@50c442a5], codecRegistry=ProvidersCodecRegistry{codecProviders=[ValueCodecProvider{}, BsonValueCodecProvider{}, DBRefCodecProvider{}, DBObjectCodecProvider{}, DocumentCodecProvider{}, CollectionCodecProvider{}, IterableCodecProvider{}, MapCodecProvider{}, GeoJsonCodecProvider{}, GridFSFileCodecProvider{}, Jsr310CodecProvider{}, JsonObjectCodecProvider{}, BsonCodecProvider{}, EnumCodecProvider{}, com.mongodb.client.model.mql.ExpressionCodecProvider@48106381, com.mongodb.Jep395RecordCodecProvider@3c544c9, com.mongodb.KotlinCodecProvider@22e813fc]}, loggerSettings=LoggerSettings{maxDocumentLength=1000}, clusterSettings={hosts=[localhost:32845], srvServiceName=mongodb, mode=SINGLE, requiredClusterType=UNKNOWN, requiredReplicaSetName='null', serverSelector='null', clusterListeners='[]', serverSelectionTimeout='30000 ms', localThreshold='15 ms'}, socketSettings=SocketSettings{connectTimeoutMS=10000, readTimeoutMS=0, receiveBufferSize=0, proxySettings=ProxySettings{host=null, port=null, username=null, password=null}}, heartbeatSocketSettings=SocketSettings{connectTimeoutMS=10000, readTimeoutMS=10000, receiveBufferSize=0, proxySettings=ProxySettings{host=null, port=null, username=null, password=null}}, connectionPoolSettings=ConnectionPoolSettings{maxSize=100, minSize=0, maxWaitTimeMS=120000, maxConnectionLifeTimeMS=0, maxConnectionIdleTimeMS=0, maintenanceInitialDelayMS=0, maintenanceFrequencyMS=60000, connectionPoolListeners=[io.micrometer.core.instrument.binder.mongodb.MongoMetricsConnectionPoolListener@4eb313ed], maxConnecting=2}, serverSettings=ServerSettings{heartbeatFrequencyMS=10000, minHeartbeatFrequencyMS=500, serverListeners='[]', serverMonitorListeners='[]'}, sslSettings=SslSettings{enabled=false, invalidHostNameAllowed=false, context=null}, applicationName='null', compressorList=[], uuidRepresentation=JAVA_LEGACY, serverApi=null, autoEncryptionSettings=null, dnsClient=null, inetAddressResolver=null, contextProvider=null}
2024-04-14T14:41:51.668+05:45  INFO 512917 --- [recommendation] [localhost:32845] org.mongodb.driver.cluster               : Monitor thread successfully connected to server with description ServerDescription{address=localhost:32845, type=REPLICA_SET_PRIMARY, state=CONNECTED, ok=true, minWireVersion=0, maxWireVersion=17, maxDocumentSize=16777216, logicalSessionTimeoutMinutes=30, roundTripTimeNanos=8515929, setName='docker-rs', canonicalAddress=37d13ce7a377:27017, hosts=[37d13ce7a377:27017], passives=[], arbiters=[], primary='37d13ce7a377:27017', tagSet=TagSet{[]}, electionId=7fffffff0000000000000001, setVersion=1, topologyVersion=TopologyVersion{processId=661b9a4d6b15a2b10293e31a, counter=6}, lastWriteDate=Sun Apr 14 14:41:49 NPT 2024, lastUpdateTimeNanos=75234011563667}
2024-04-14T14:41:52.629+05:45  INFO 512917 --- [recommendation] [    Test worker] o.s.b.a.e.web.EndpointLinksResolver      : Exposing 19 endpoint(s) beneath base path '/actuator'
2024-04-14T14:41:52.849+05:45  INFO 512917 --- [recommendation] [    Test worker] org.mongodb.driver.client                : MongoClient with metadata {"driver": {"name": "mongo-java-driver|sync|spring-boot", "version": "4.11.1"}, "os": {"type": "Linux", "name": "Linux", "architecture": "amd64", "version": "5.19.0-32-generic"}, "platform": "Java/Oracle Corporation/17.0.10+11-LTS-240"} created with settings MongoClientSettings{readPreference=primary, writeConcern=WriteConcern{w=null, wTimeout=null ms, journal=null}, retryWrites=true, retryReads=true, readConcern=ReadConcern{level=null}, credential=null, transportSettings=NettyTransportSettings{eventLoopGroup=io.netty.channel.nio.NioEventLoopGroup@522fdf0c, socketChannelClass=null, allocator=null, sslContext=null}, streamFactoryFactory=null, commandListeners=[io.micrometer.core.instrument.binder.mongodb.MongoMetricsCommandListener@50c442a5], codecRegistry=ProvidersCodecRegistry{codecProviders=[ValueCodecProvider{}, BsonValueCodecProvider{}, DBRefCodecProvider{}, DBObjectCodecProvider{}, DocumentCodecProvider{}, CollectionCodecProvider{}, IterableCodecProvider{}, MapCodecProvider{}, GeoJsonCodecProvider{}, GridFSFileCodecProvider{}, Jsr310CodecProvider{}, JsonObjectCodecProvider{}, BsonCodecProvider{}, EnumCodecProvider{}, com.mongodb.client.model.mql.ExpressionCodecProvider@48106381, com.mongodb.Jep395RecordCodecProvider@3c544c9, com.mongodb.KotlinCodecProvider@22e813fc]}, loggerSettings=LoggerSettings{maxDocumentLength=1000}, clusterSettings={hosts=[localhost:32845], srvServiceName=mongodb, mode=SINGLE, requiredClusterType=UNKNOWN, requiredReplicaSetName='null', serverSelector='null', clusterListeners='[]', serverSelectionTimeout='30000 ms', localThreshold='15 ms'}, socketSettings=SocketSettings{connectTimeoutMS=10000, readTimeoutMS=0, receiveBufferSize=0, proxySettings=ProxySettings{host=null, port=null, username=null, password=null}}, heartbeatSocketSettings=SocketSettings{connectTimeoutMS=10000, readTimeoutMS=10000, receiveBufferSize=0, proxySettings=ProxySettings{host=null, port=null, username=null, password=null}}, connectionPoolSettings=ConnectionPoolSettings{maxSize=100, minSize=0, maxWaitTimeMS=120000, maxConnectionLifeTimeMS=0, maxConnectionIdleTimeMS=0, maintenanceInitialDelayMS=0, maintenanceFrequencyMS=60000, connectionPoolListeners=[io.micrometer.core.instrument.binder.mongodb.MongoMetricsConnectionPoolListener@4eb313ed], maxConnecting=2}, serverSettings=ServerSettings{heartbeatFrequencyMS=10000, minHeartbeatFrequencyMS=500, serverListeners='[]', serverMonitorListeners='[]'}, sslSettings=SslSettings{enabled=false, invalidHostNameAllowed=false, context=null}, applicationName='null', compressorList=[], uuidRepresentation=JAVA_LEGACY, serverApi=null, autoEncryptionSettings=null, dnsClient=null, inetAddressResolver=null, contextProvider=null}
2024-04-14T14:41:52.888+05:45  INFO 512917 --- [recommendation] [localhost:32845] org.mongodb.driver.cluster               : Monitor thread successfully connected to server with description ServerDescription{address=localhost:32845, type=REPLICA_SET_PRIMARY, state=CONNECTED, ok=true, minWireVersion=0, maxWireVersion=17, maxDocumentSize=16777216, logicalSessionTimeoutMinutes=30, roundTripTimeNanos=5874586, setName='docker-rs', canonicalAddress=37d13ce7a377:27017, hosts=[37d13ce7a377:27017], passives=[], arbiters=[], primary='37d13ce7a377:27017', tagSet=TagSet{[]}, electionId=7fffffff0000000000000001, setVersion=1, topologyVersion=TopologyVersion{processId=661b9a4d6b15a2b10293e31a, counter=6}, lastWriteDate=Sun Apr 14 14:41:49 NPT 2024, lastUpdateTimeNanos=75235231407714}
2024-04-14T14:41:52.970+05:45  INFO 512917 --- [recommendation] [    Test worker] o.s.c.s.m.DirectWithAttributesChannel    : Channel 'recommendation.messageProcessor-in-0' has 1 subscriber(s).
2024-04-14T14:41:53.203+05:45  INFO 512917 --- [recommendation] [    Test worker] DiscoveryClientOptionalArgsConfiguration : Eureka HTTP Client uses RestTemplate.
2024-04-14T14:41:53.252+05:45  WARN 512917 --- [recommendation] [    Test worker] iguration$LoadBalancerCaffeineWarnLogger : Spring Cloud LoadBalancer is currently working with the default cache. While this cache implementation is useful for development and tests, it's recommended to use Caffeine cache in production.You can switch to using Caffeine cache, by adding it and org.springframework.cache.caffeine.CaffeineCacheManager to the classpath.
2024-04-14T14:41:53.410+05:45  INFO 512917 --- [recommendation] [    Test worker] o.s.i.endpoint.EventDrivenConsumer       : Adding {logging-channel-adapter:_org.springframework.integration.errorLogger} as a subscriber to the 'errorChannel' channel
2024-04-14T14:41:53.411+05:45  INFO 512917 --- [recommendation] [    Test worker] o.s.i.channel.PublishSubscribeChannel    : Channel 'recommendation.errorChannel' has 1 subscriber(s).
2024-04-14T14:41:53.411+05:45  INFO 512917 --- [recommendation] [    Test worker] o.s.i.endpoint.EventDrivenConsumer       : started bean '_org.springframework.integration.errorLogger'
2024-04-14T14:41:53.452+05:45  INFO 512917 --- [recommendation] [    Test worker] o.s.b.web.embedded.netty.NettyWebServer  : Netty started on port 39845
2024-04-14T14:41:53.479+05:45  INFO 512917 --- [recommendation] [    Test worker] o.s.c.stream.binder.BinderErrorChannel   : Channel '2143477943.messageProcessor-in-0.errors' has 1 subscriber(s).
2024-04-14T14:41:53.480+05:45  INFO 512917 --- [recommendation] [    Test worker] o.s.c.stream.binder.BinderErrorChannel   : Channel '2143477943.messageProcessor-in-0.errors' has 2 subscriber(s).
2024-04-14T14:41:53.480+05:45  INFO 512917 --- [recommendation] [    Test worker] o.s.i.channel.PublishSubscribeChannel    : Channel 'recommendations.destination' has 1 subscriber(s).
2024-04-14T14:41:53.481+05:45  INFO 512917 --- [recommendation] [    Test worker] r$IntegrationBinderInboundChannelAdapter : started org.springframework.cloud.stream.binder.test.TestChannelBinder$IntegrationBinderInboundChannelAdapter@4431233f
2024-04-14T14:41:53.536+05:45  INFO 512917 --- [recommendation] [    Test worker] .r.RecommendationServiceApplicationTests : Started RecommendationServiceApplicationTests in 3.581 seconds (process running for 10.077)
2024-04-14T14:41:53.588+05:45 DEBUG 512917 --- [recommendation] [    Test worker] o.s.d.m.core.ReactiveMongoTemplate       : Remove using query: {} in collection: recommendations.
2024-04-14T14:41:53.612+05:45  INFO 512917 --- [recommendation] [    Test worker] c.m.r.service.MessageProcessorConfig     : Process message created at 2024-04-14T14:41:53.612163107+05:45[Asia/Kathmandu]...
2024-04-14T14:41:53.613+05:45  INFO 512917 --- [recommendation] [    Test worker] c.m.r.service.MessageProcessorConfig     : Create recommendation with ID: 1/1
2024-04-14T14:41:53.619+05:45 DEBUG 512917 --- [recommendation] [    Test worker] o.s.d.m.core.ReactiveMongoTemplate       : Inserting Document containing fields: [version, productId, recommendationId, author, rating, content, _class] in collection: recommendations
2024-04-14T14:41:53.627+05:45  INFO 512917 --- [recommendation] [    Test worker] c.m.r.service.MessageProcessorConfig     : Message processing done!
2024-04-14T14:41:53.628+05:45 DEBUG 512917 --- [recommendation] [    Test worker] o.s.d.m.core.ReactiveMongoTemplate       : find using query: { "productId" : 1} fields: Document{{}} for class: class com.micro.recommendationservice.persistenece.RecommendationEntity in collection: recommendations
2024-04-14T14:41:53.638+05:45  INFO 512917 --- [recommendation] [    Test worker] c.m.r.service.MessageProcessorConfig     : Process message created at 2024-04-14T14:41:53.638307732+05:45[Asia/Kathmandu]...
2024-04-14T14:41:53.638+05:45  INFO 512917 --- [recommendation] [    Test worker] c.m.r.service.MessageProcessorConfig     : Delete recommendations with ProductID: 1
2024-04-14T14:41:53.642+05:45 DEBUG 512917 --- [recommendation] [    Test worker] o.s.d.m.core.ReactiveMongoTemplate       : find using query: { "productId" : 1} fields: Document{{}} for class: class com.micro.recommendationservice.persistenece.RecommendationEntity in collection: recommendations
2024-04-14T14:41:53.648+05:45 DEBUG 512917 --- [recommendation] [ntLoopGroup-5-3] o.s.d.m.core.ReactiveMongoTemplate       : Remove using query: { "_id" : { "$oid" : "661b9a55fe7c5119d38a627d"}} in collection: recommendations.
2024-04-14T14:41:53.654+05:45  INFO 512917 --- [recommendation] [    Test worker] c.m.r.service.MessageProcessorConfig     : Message processing done!
2024-04-14T14:41:53.655+05:45 DEBUG 512917 --- [recommendation] [    Test worker] o.s.d.m.core.ReactiveMongoTemplate       : find using query: { "productId" : 1} fields: Document{{}} for class: class com.micro.recommendationservice.persistenece.RecommendationEntity in collection: recommendations
2024-04-14T14:41:53.659+05:45  INFO 512917 --- [recommendation] [    Test worker] c.m.r.service.MessageProcessorConfig     : Process message created at 2024-04-14T14:41:53.659529911+05:45[Asia/Kathmandu]...
2024-04-14T14:41:53.659+05:45  INFO 512917 --- [recommendation] [    Test worker] c.m.r.service.MessageProcessorConfig     : Delete recommendations with ProductID: 1
2024-04-14T14:41:53.661+05:45 DEBUG 512917 --- [recommendation] [    Test worker] o.s.d.m.core.ReactiveMongoTemplate       : find using query: { "productId" : 1} fields: Document{{}} for class: class com.micro.recommendationservice.persistenece.RecommendationEntity in collection: recommendations
2024-04-14T14:41:53.666+05:45  INFO 512917 --- [recommendation] [    Test worker] c.m.r.service.MessageProcessorConfig     : Message processing done!
2024-04-14T14:41:53.675+05:45 DEBUG 512917 --- [recommendation] [    Test worker] o.s.d.m.core.ReactiveMongoTemplate       : Remove using query: {} in collection: recommendations.
2024-04-14T14:41:53.965+05:45 DEBUG 512917 --- [recommendation] [    Test worker] o.s.d.m.core.ReactiveMongoTemplate       : Remove using query: {} in collection: recommendations.
2024-04-14T14:41:53.975+05:45  INFO 512917 --- [recommendation] [or-http-epoll-4] c.m.r.service.RecommendationServiceImpl  : Will get recommendations for product with id=113
2024-04-14T14:41:53.992+05:45 DEBUG 512917 --- [recommendation] [or-http-epoll-4] o.s.d.m.core.ReactiveMongoTemplate       : find using query: { "productId" : 113} fields: Document{{}} for class: class com.micro.recommendationservice.persistenece.RecommendationEntity in collection: recommendations
2024-04-14T14:41:54.018+05:45 DEBUG 512917 --- [recommendation] [    Test worker] o.s.d.m.core.ReactiveMongoTemplate       : Remove using query: {} in collection: recommendations.
2024-04-14T14:41:54.023+05:45  INFO 512917 --- [recommendation] [    Test worker] c.m.r.service.MessageProcessorConfig     : Process message created at 2024-04-14T14:41:54.023440531+05:45[Asia/Kathmandu]...
2024-04-14T14:41:54.023+05:45  INFO 512917 --- [recommendation] [    Test worker] c.m.r.service.MessageProcessorConfig     : Create recommendation with ID: 1/1
2024-04-14T14:41:54.025+05:45 DEBUG 512917 --- [recommendation] [    Test worker] o.s.d.m.core.ReactiveMongoTemplate       : Inserting Document containing fields: [version, productId, recommendationId, author, rating, content, _class] in collection: recommendations
2024-04-14T14:41:54.042+05:45  INFO 512917 --- [recommendation] [    Test worker] c.m.r.service.MessageProcessorConfig     : Message processing done!
2024-04-14T14:41:54.043+05:45  INFO 512917 --- [recommendation] [    Test worker] c.m.r.service.MessageProcessorConfig     : Process message created at 2024-04-14T14:41:54.043155601+05:45[Asia/Kathmandu]...
2024-04-14T14:41:54.043+05:45  INFO 512917 --- [recommendation] [    Test worker] c.m.r.service.MessageProcessorConfig     : Create recommendation with ID: 1/2
2024-04-14T14:41:54.044+05:45 DEBUG 512917 --- [recommendation] [    Test worker] o.s.d.m.core.ReactiveMongoTemplate       : Inserting Document containing fields: [version, productId, recommendationId, author, rating, content, _class] in collection: recommendations
2024-04-14T14:41:54.048+05:45  INFO 512917 --- [recommendation] [    Test worker] c.m.r.service.MessageProcessorConfig     : Message processing done!
2024-04-14T14:41:54.049+05:45  INFO 512917 --- [recommendation] [    Test worker] c.m.r.service.MessageProcessorConfig     : Process message created at 2024-04-14T14:41:54.049364138+05:45[Asia/Kathmandu]...
2024-04-14T14:41:54.049+05:45  INFO 512917 --- [recommendation] [    Test worker] c.m.r.service.MessageProcessorConfig     : Create recommendation with ID: 1/3
2024-04-14T14:41:54.050+05:45 DEBUG 512917 --- [recommendation] [    Test worker] o.s.d.m.core.ReactiveMongoTemplate       : Inserting Document containing fields: [version, productId, recommendationId, author, rating, content, _class] in collection: recommendations
2024-04-14T14:41:54.055+05:45  INFO 512917 --- [recommendation] [    Test worker] c.m.r.service.MessageProcessorConfig     : Message processing done!
2024-04-14T14:41:54.056+05:45 DEBUG 512917 --- [recommendation] [    Test worker] o.s.d.m.core.ReactiveMongoTemplate       : find using query: { "productId" : 1} fields: Document{{}} for class: class com.micro.recommendationservice.persistenece.RecommendationEntity in collection: recommendations
2024-04-14T14:41:54.067+05:45  INFO 512917 --- [recommendation] [or-http-epoll-4] c.m.r.service.RecommendationServiceImpl  : Will get recommendations for product with id=1
2024-04-14T14:41:54.068+05:45 DEBUG 512917 --- [recommendation] [or-http-epoll-4] o.s.d.m.core.ReactiveMongoTemplate       : find using query: { "productId" : 1} fields: Document{{}} for class: class com.micro.recommendationservice.persistenece.RecommendationEntity in collection: recommendations
2024-04-14T14:41:54.084+05:45 DEBUG 512917 --- [recommendation] [    Test worker] o.s.d.m.core.ReactiveMongoTemplate       : Remove using query: {} in collection: recommendations.
2024-04-14T14:41:54.108+05:45 DEBUG 512917 --- [recommendation] [    Test worker] o.s.d.m.core.ReactiveMongoTemplate       : Remove using query: {} in collection: recommendations.
2024-04-14T14:41:54.112+05:45  INFO 512917 --- [recommendation] [    Test worker] c.m.r.service.MessageProcessorConfig     : Process message created at 2024-04-14T14:41:54.112306406+05:45[Asia/Kathmandu]...
2024-04-14T14:41:54.113+05:45  INFO 512917 --- [recommendation] [    Test worker] c.m.r.service.MessageProcessorConfig     : Create recommendation with ID: 1/1
2024-04-14T14:41:54.114+05:45 DEBUG 512917 --- [recommendation] [    Test worker] o.s.d.m.core.ReactiveMongoTemplate       : Inserting Document containing fields: [version, productId, recommendationId, author, rating, content, _class] in collection: recommendations
2024-04-14T14:41:54.120+05:45  INFO 512917 --- [recommendation] [    Test worker] c.m.r.service.MessageProcessorConfig     : Message processing done!
2024-04-14T14:41:54.121+05:45 DEBUG 512917 --- [recommendation] [    Test worker] o.s.d.m.core.ReactiveMongoTemplate       : Executing count: {} in collection: recommendations
2024-04-14T14:41:54.121+05:45 DEBUG 512917 --- [recommendation] [    Test worker] o.s.d.m.core.ReactiveMongoTemplate       : Executing count: {} in collection: recommendations
2024-04-14T14:41:54.126+05:45  INFO 512917 --- [recommendation] [    Test worker] c.m.r.service.MessageProcessorConfig     : Process message created at 2024-04-14T14:41:54.126084643+05:45[Asia/Kathmandu]...
2024-04-14T14:41:54.126+05:45  INFO 512917 --- [recommendation] [    Test worker] c.m.r.service.MessageProcessorConfig     : Create recommendation with ID: 1/1
2024-04-14T14:41:54.127+05:45 DEBUG 512917 --- [recommendation] [    Test worker] o.s.d.m.core.ReactiveMongoTemplate       : Inserting Document containing fields: [version, productId, recommendationId, author, rating, content, _class] in collection: recommendations
2024-04-14T14:41:54.133+05:45 DEBUG 512917 --- [recommendation] [    Test worker] o.s.d.m.core.ReactiveMongoTemplate       : Executing count: {} in collection: recommendations
2024-04-14T14:41:54.133+05:45 DEBUG 512917 --- [recommendation] [    Test worker] o.s.d.m.core.ReactiveMongoTemplate       : Executing count: {} in collection: recommendations
2024-04-14T14:41:54.143+05:45 DEBUG 512917 --- [recommendation] [    Test worker] o.s.d.m.core.ReactiveMongoTemplate       : Remove using query: {} in collection: recommendations.
]]></system-out>
  <system-err><![CDATA[]]></system-err>
</testsuite>
