<?xml version="1.0" encoding="UTF-8"?>
<testsuite name="com.micro.recommendationservice.RecommendationServiceApplicationTests" tests="7" skipped="0" failures="0" errors="0" timestamp="2024-03-31T06:14:36" hostname="suman-gajmer-f1soft" time="0.826">
  <properties/>
  <testcase name="deleteRecommendations()" classname="com.micro.recommendationservice.RecommendationServiceApplicationTests" time="0.101"/>
  <testcase name="getRecommendationsInvalidParameter()" classname="com.micro.recommendationservice.RecommendationServiceApplicationTests" time="0.449"/>
  <testcase name="getRecommendationsNotFound()" classname="com.micro.recommendationservice.RecommendationServiceApplicationTests" time="0.066"/>
  <testcase name="getRecommendationsByProductId()" classname="com.micro.recommendationservice.RecommendationServiceApplicationTests" time="0.09"/>
  <testcase name="getRecommendationsInvalidParameterNegativeValue()" classname="com.micro.recommendationservice.RecommendationServiceApplicationTests" time="0.034"/>
  <testcase name="duplicateError()" classname="com.micro.recommendationservice.RecommendationServiceApplicationTests" time="0.047"/>
  <testcase name="getRecommendationsMissingParameter()" classname="com.micro.recommendationservice.RecommendationServiceApplicationTests" time="0.027"/>
  <system-out><![CDATA[2024-03-31T11:59:32.680+05:45  INFO 170853 --- [    Test worker] t.c.s.AnnotationConfigContextLoaderUtils : Could not detect default configuration classes for test class [com.micro.recommendationservice.RecommendationServiceApplicationTests]: RecommendationServiceApplicationTests does not declare any static, non-private, non-final, nested classes annotated with @Configuration.
2024-03-31T11:59:32.683+05:45  INFO 170853 --- [    Test worker] .b.t.c.SpringBootTestContextBootstrapper : Found @SpringBootConfiguration com.micro.recommendationservice.RecommendationServiceApplication for test class com.micro.recommendationservice.RecommendationServiceApplicationTests

  .   ____          _            __ _ _
 /\\ / ___'_ __ _ _(_)_ __  __ _ \ \ \ \
( ( )\___ | '_ | '_| | '_ \/ _` | \ \ \ \
 \\/  ___)| |_)| | | | | || (_| |  ) ) ) )
  '  |____| .__|_| |_|_| |_\__, | / / / /
 =========|_|==============|___/=/_/_/_/
 :: Spring Boot ::                (v3.2.3)

2024-03-31T11:59:32.737+05:45  INFO 170853 --- [    Test worker] .r.RecommendationServiceApplicationTests : Starting RecommendationServiceApplicationTests using Java 17.0.10 with PID 170853 (started by suman in /home/suman/Workspace/microservices/recommendation-service)
2024-03-31T11:59:32.738+05:45  INFO 170853 --- [    Test worker] .r.RecommendationServiceApplicationTests : No active profile set, falling back to 1 default profile: "default"
2024-03-31T11:59:33.509+05:45  INFO 170853 --- [    Test worker] .s.d.r.c.RepositoryConfigurationDelegate : Bootstrapping Spring Data Reactive MongoDB repositories in DEFAULT mode.
2024-03-31T11:59:33.515+05:45  INFO 170853 --- [    Test worker] .s.d.r.c.RepositoryConfigurationDelegate : Finished Spring Data repository scanning in 5 ms. Found 1 Reactive MongoDB repository interface.
2024-03-31T11:59:33.517+05:45  INFO 170853 --- [    Test worker] .s.d.r.c.RepositoryConfigurationDelegate : Bootstrapping Spring Data MongoDB repositories in DEFAULT mode.
2024-03-31T11:59:33.520+05:45  INFO 170853 --- [    Test worker] .s.d.r.c.RepositoryConfigurationDelegate : Finished Spring Data repository scanning in 1 ms. Found 0 MongoDB repository interfaces.
2024-03-31T11:59:33.580+05:45  INFO 170853 --- [    Test worker] faultConfiguringBeanFactoryPostProcessor : No bean named 'errorChannel' has been explicitly defined. Therefore, a default PublishSubscribeChannel will be created.
2024-03-31T11:59:33.589+05:45  INFO 170853 --- [    Test worker] faultConfiguringBeanFactoryPostProcessor : No bean named 'integrationHeaderChannelRegistry' has been explicitly defined. Therefore, a default DefaultHeaderChannelRegistry will be created.
2024-03-31T11:59:34.023+05:45  INFO 170853 --- [    Test worker] org.mongodb.driver.client                : MongoClient with metadata {"driver": {"name": "mongo-java-driver|reactive-streams|spring-boot", "version": "4.11.1"}, "os": {"type": "Linux", "name": "Linux", "architecture": "amd64", "version": "5.15.0-100-generic"}, "platform": "Java/Private Build/17.0.10+7-Ubuntu-120.04.1"} created with settings MongoClientSettings{readPreference=primary, writeConcern=WriteConcern{w=null, wTimeout=null ms, journal=null}, retryWrites=true, retryReads=true, readConcern=ReadConcern{level=null}, credential=null, transportSettings=NettyTransportSettings{eventLoopGroup=io.netty.channel.nio.NioEventLoopGroup@7806db3f, socketChannelClass=null, allocator=null, sslContext=null}, streamFactoryFactory=null, commandListeners=[io.micrometer.core.instrument.binder.mongodb.MongoMetricsCommandListener@78907a46], codecRegistry=ProvidersCodecRegistry{codecProviders=[ValueCodecProvider{}, BsonValueCodecProvider{}, DBRefCodecProvider{}, DBObjectCodecProvider{}, DocumentCodecProvider{}, CollectionCodecProvider{}, IterableCodecProvider{}, MapCodecProvider{}, GeoJsonCodecProvider{}, GridFSFileCodecProvider{}, Jsr310CodecProvider{}, JsonObjectCodecProvider{}, BsonCodecProvider{}, EnumCodecProvider{}, com.mongodb.client.model.mql.ExpressionCodecProvider@6210666c, com.mongodb.Jep395RecordCodecProvider@1dca62c2, com.mongodb.KotlinCodecProvider@52657d5f]}, loggerSettings=LoggerSettings{maxDocumentLength=1000}, clusterSettings={hosts=[localhost:32779], srvServiceName=mongodb, mode=SINGLE, requiredClusterType=UNKNOWN, requiredReplicaSetName='null', serverSelector='null', clusterListeners='[]', serverSelectionTimeout='30000 ms', localThreshold='15 ms'}, socketSettings=SocketSettings{connectTimeoutMS=10000, readTimeoutMS=0, receiveBufferSize=0, proxySettings=ProxySettings{host=null, port=null, username=null, password=null}}, heartbeatSocketSettings=SocketSettings{connectTimeoutMS=10000, readTimeoutMS=10000, receiveBufferSize=0, proxySettings=ProxySettings{host=null, port=null, username=null, password=null}}, connectionPoolSettings=ConnectionPoolSettings{maxSize=100, minSize=0, maxWaitTimeMS=120000, maxConnectionLifeTimeMS=0, maxConnectionIdleTimeMS=0, maintenanceInitialDelayMS=0, maintenanceFrequencyMS=60000, connectionPoolListeners=[io.micrometer.core.instrument.binder.mongodb.MongoMetricsConnectionPoolListener@4290fcd7], maxConnecting=2}, serverSettings=ServerSettings{heartbeatFrequencyMS=10000, minHeartbeatFrequencyMS=500, serverListeners='[]', serverMonitorListeners='[]'}, sslSettings=SslSettings{enabled=false, invalidHostNameAllowed=false, context=null}, applicationName='null', compressorList=[], uuidRepresentation=JAVA_LEGACY, serverApi=null, autoEncryptionSettings=null, dnsClient=null, inetAddressResolver=null, contextProvider=null}
2024-03-31T11:59:34.035+05:45  INFO 170853 --- [localhost:32779] org.mongodb.driver.cluster               : Monitor thread successfully connected to server with description ServerDescription{address=localhost:32779, type=REPLICA_SET_PRIMARY, state=CONNECTED, ok=true, minWireVersion=0, maxWireVersion=17, maxDocumentSize=16777216, logicalSessionTimeoutMinutes=30, roundTripTimeNanos=8699944, setName='docker-rs', canonicalAddress=a217b28e3963:27017, hosts=[a217b28e3963:27017], passives=[], arbiters=[], primary='a217b28e3963:27017', tagSet=TagSet{[]}, electionId=7fffffff0000000000000001, setVersion=1, topologyVersion=TopologyVersion{processId=6608ff43a1b301829648de0f, counter=6}, lastWriteDate=Sun Mar 31 11:59:32 NPT 2024, lastUpdateTimeNanos=46370533473211}
2024-03-31T11:59:34.995+05:45  INFO 170853 --- [    Test worker] o.s.b.a.e.web.EndpointLinksResolver      : Exposing 17 endpoint(s) beneath base path '/actuator'
2024-03-31T11:59:35.277+05:45  INFO 170853 --- [    Test worker] org.mongodb.driver.client                : MongoClient with metadata {"driver": {"name": "mongo-java-driver|sync|spring-boot", "version": "4.11.1"}, "os": {"type": "Linux", "name": "Linux", "architecture": "amd64", "version": "5.15.0-100-generic"}, "platform": "Java/Private Build/17.0.10+7-Ubuntu-120.04.1"} created with settings MongoClientSettings{readPreference=primary, writeConcern=WriteConcern{w=null, wTimeout=null ms, journal=null}, retryWrites=true, retryReads=true, readConcern=ReadConcern{level=null}, credential=null, transportSettings=NettyTransportSettings{eventLoopGroup=io.netty.channel.nio.NioEventLoopGroup@135fb22d, socketChannelClass=null, allocator=null, sslContext=null}, streamFactoryFactory=null, commandListeners=[io.micrometer.core.instrument.binder.mongodb.MongoMetricsCommandListener@78907a46], codecRegistry=ProvidersCodecRegistry{codecProviders=[ValueCodecProvider{}, BsonValueCodecProvider{}, DBRefCodecProvider{}, DBObjectCodecProvider{}, DocumentCodecProvider{}, CollectionCodecProvider{}, IterableCodecProvider{}, MapCodecProvider{}, GeoJsonCodecProvider{}, GridFSFileCodecProvider{}, Jsr310CodecProvider{}, JsonObjectCodecProvider{}, BsonCodecProvider{}, EnumCodecProvider{}, com.mongodb.client.model.mql.ExpressionCodecProvider@6210666c, com.mongodb.Jep395RecordCodecProvider@1dca62c2, com.mongodb.KotlinCodecProvider@52657d5f]}, loggerSettings=LoggerSettings{maxDocumentLength=1000}, clusterSettings={hosts=[localhost:32779], srvServiceName=mongodb, mode=SINGLE, requiredClusterType=UNKNOWN, requiredReplicaSetName='null', serverSelector='null', clusterListeners='[]', serverSelectionTimeout='30000 ms', localThreshold='15 ms'}, socketSettings=SocketSettings{connectTimeoutMS=10000, readTimeoutMS=0, receiveBufferSize=0, proxySettings=ProxySettings{host=null, port=null, username=null, password=null}}, heartbeatSocketSettings=SocketSettings{connectTimeoutMS=10000, readTimeoutMS=10000, receiveBufferSize=0, proxySettings=ProxySettings{host=null, port=null, username=null, password=null}}, connectionPoolSettings=ConnectionPoolSettings{maxSize=100, minSize=0, maxWaitTimeMS=120000, maxConnectionLifeTimeMS=0, maxConnectionIdleTimeMS=0, maintenanceInitialDelayMS=0, maintenanceFrequencyMS=60000, connectionPoolListeners=[io.micrometer.core.instrument.binder.mongodb.MongoMetricsConnectionPoolListener@4290fcd7], maxConnecting=2}, serverSettings=ServerSettings{heartbeatFrequencyMS=10000, minHeartbeatFrequencyMS=500, serverListeners='[]', serverMonitorListeners='[]'}, sslSettings=SslSettings{enabled=false, invalidHostNameAllowed=false, context=null}, applicationName='null', compressorList=[], uuidRepresentation=JAVA_LEGACY, serverApi=null, autoEncryptionSettings=null, dnsClient=null, inetAddressResolver=null, contextProvider=null}
2024-03-31T11:59:35.288+05:45  INFO 170853 --- [localhost:32779] org.mongodb.driver.cluster               : Monitor thread successfully connected to server with description ServerDescription{address=localhost:32779, type=REPLICA_SET_PRIMARY, state=CONNECTED, ok=true, minWireVersion=0, maxWireVersion=17, maxDocumentSize=16777216, logicalSessionTimeoutMinutes=30, roundTripTimeNanos=8960101, setName='docker-rs', canonicalAddress=a217b28e3963:27017, hosts=[a217b28e3963:27017], passives=[], arbiters=[], primary='a217b28e3963:27017', tagSet=TagSet{[]}, electionId=7fffffff0000000000000001, setVersion=1, topologyVersion=TopologyVersion{processId=6608ff43a1b301829648de0f, counter=6}, lastWriteDate=Sun Mar 31 11:59:32 NPT 2024, lastUpdateTimeNanos=46371786339851}
2024-03-31T11:59:35.403+05:45  INFO 170853 --- [    Test worker] o.s.c.s.m.DirectWithAttributesChannel    : Channel 'application.messageProcessor-in-0' has 1 subscriber(s).
2024-03-31T11:59:35.769+05:45  INFO 170853 --- [    Test worker] o.s.i.endpoint.EventDrivenConsumer       : Adding {logging-channel-adapter:_org.springframework.integration.errorLogger} as a subscriber to the 'errorChannel' channel
2024-03-31T11:59:35.770+05:45  INFO 170853 --- [    Test worker] o.s.i.channel.PublishSubscribeChannel    : Channel 'application.errorChannel' has 1 subscriber(s).
2024-03-31T11:59:35.771+05:45  INFO 170853 --- [    Test worker] o.s.i.endpoint.EventDrivenConsumer       : started bean '_org.springframework.integration.errorLogger'
2024-03-31T11:59:35.875+05:45  INFO 170853 --- [    Test worker] o.s.b.web.embedded.netty.NettyWebServer  : Netty started on port 33159
2024-03-31T11:59:35.878+05:45  INFO 170853 --- [    Test worker] o.s.c.s.binder.DefaultBinderFactory      : Creating binder: rabbit
2024-03-31T11:59:35.879+05:45  INFO 170853 --- [    Test worker] o.s.c.s.binder.DefaultBinderFactory      : Constructing binder child context for rabbit
2024-03-31T11:59:36.198+05:45  INFO 170853 --- [    Test worker] o.s.c.s.binder.DefaultBinderFactory      : Caching the binder: rabbit
2024-03-31T11:59:36.208+05:45  INFO 170853 --- [    Test worker] c.s.b.r.p.RabbitExchangeQueueProvisioner : declaring queue for inbound: recommendations.recommendationsGroup, bound to: recommendations
2024-03-31T11:59:36.215+05:45  INFO 170853 --- [    Test worker] o.s.a.r.c.CachingConnectionFactory       : Attempting to connect to: [127.0.0.1:5672]
2024-03-31T11:59:36.221+05:45  INFO 170853 --- [    Test worker] o.s.a.r.c.CachingConnectionFactory       : Attempting to connect to: [127.0.0.1:5672]
2024-03-31T11:59:36.224+05:45  INFO 170853 --- [    Test worker] o.s.a.r.c.CachingConnectionFactory       : Attempting to connect to: [127.0.0.1:5672]
2024-03-31T11:59:36.225+05:45  INFO 170853 --- [    Test worker] o.s.a.r.c.CachingConnectionFactory       : Attempting to connect to: [127.0.0.1:5672]
2024-03-31T11:59:36.226+05:45  INFO 170853 --- [    Test worker] o.s.a.r.c.CachingConnectionFactory       : Attempting to connect to: [127.0.0.1:5672]
2024-03-31T11:59:36.227+05:45  INFO 170853 --- [    Test worker] o.s.a.r.c.CachingConnectionFactory       : Attempting to connect to: [127.0.0.1:5672]
2024-03-31T11:59:36.228+05:45  INFO 170853 --- [    Test worker] o.s.a.r.c.CachingConnectionFactory       : Attempting to connect to: [127.0.0.1:5672]
2024-03-31T11:59:36.248+05:45  INFO 170853 --- [    Test worker] o.s.c.stream.binder.BinderErrorChannel   : Channel 'rabbit-2019409466.messageProcessor-in-0.errors' has 1 subscriber(s).
2024-03-31T11:59:36.250+05:45  INFO 170853 --- [    Test worker] o.s.c.stream.binder.BinderErrorChannel   : Channel 'rabbit-2019409466.messageProcessor-in-0.errors' has 2 subscriber(s).
2024-03-31T11:59:36.253+05:45  INFO 170853 --- [    Test worker] o.s.a.r.c.CachingConnectionFactory       : Attempting to connect to: [127.0.0.1:5672]
2024-03-31T11:59:36.254+05:45  INFO 170853 --- [    Test worker] o.s.a.r.l.SimpleMessageListenerContainer : Broker not available; cannot force queue declarations during start: java.net.ConnectException: Connection refused
2024-03-31T11:59:36.266+05:45  INFO 170853 --- [ndationsGroup-1] o.s.a.r.c.CachingConnectionFactory       : Attempting to connect to: [127.0.0.1:5672]
2024-03-31T11:59:36.268+05:45  INFO 170853 --- [    Test worker] o.s.i.a.i.AmqpInboundChannelAdapter      : started bean 'inbound.recommendations.recommendationsGroup'
2024-03-31T11:59:36.319+05:45  INFO 170853 --- [    Test worker] .r.RecommendationServiceApplicationTests : Started RecommendationServiceApplicationTests in 3.628 seconds (process running for 11.505)
2024-03-31T11:59:36.401+05:45 DEBUG 170853 --- [    Test worker] o.s.d.m.core.ReactiveMongoTemplate       : Remove using query: {} in collection: recommendations.
2024-03-31T11:59:36.416+05:45  INFO 170853 --- [    Test worker] c.m.r.service.MessageProcessorConfig     : Process message created at 2024-03-31T11:59:36.416367951+05:45[Asia/Kathmandu]...
2024-03-31T11:59:36.417+05:45  INFO 170853 --- [    Test worker] c.m.r.service.MessageProcessorConfig     : Create recommendation with ID: 1/1
2024-03-31T11:59:36.429+05:45 DEBUG 170853 --- [    Test worker] o.s.d.m.core.ReactiveMongoTemplate       : Inserting Document containing fields: [version, productId, recommendationId, author, rating, content, _class] in collection: recommendations
2024-03-31T11:59:36.439+05:45  INFO 170853 --- [    Test worker] c.m.r.service.MessageProcessorConfig     : Message processing done!
2024-03-31T11:59:36.441+05:45 DEBUG 170853 --- [    Test worker] o.s.d.m.core.ReactiveMongoTemplate       : find using query: { "productId" : 1} fields: Document{{}} for class: class com.micro.recommendationservice.persistenece.RecommendationEntity in collection: recommendations
2024-03-31T11:59:36.451+05:45  INFO 170853 --- [    Test worker] c.m.r.service.MessageProcessorConfig     : Process message created at 2024-03-31T11:59:36.451416570+05:45[Asia/Kathmandu]...
2024-03-31T11:59:36.451+05:45  INFO 170853 --- [    Test worker] c.m.r.service.MessageProcessorConfig     : Delete recommendations with ProductID: 1
2024-03-31T11:59:36.456+05:45 DEBUG 170853 --- [    Test worker] o.s.d.m.core.ReactiveMongoTemplate       : find using query: { "productId" : 1} fields: Document{{}} for class: class com.micro.recommendationservice.persistenece.RecommendationEntity in collection: recommendations
2024-03-31T11:59:36.464+05:45 DEBUG 170853 --- [ntLoopGroup-5-3] o.s.d.m.core.ReactiveMongoTemplate       : Remove using query: { "_id" : { "$oid" : "6608ff4c53cf30104ffb91b1"}} in collection: recommendations.
2024-03-31T11:59:36.474+05:45  INFO 170853 --- [    Test worker] c.m.r.service.MessageProcessorConfig     : Message processing done!
2024-03-31T11:59:36.475+05:45 DEBUG 170853 --- [    Test worker] o.s.d.m.core.ReactiveMongoTemplate       : find using query: { "productId" : 1} fields: Document{{}} for class: class com.micro.recommendationservice.persistenece.RecommendationEntity in collection: recommendations
2024-03-31T11:59:36.481+05:45  INFO 170853 --- [    Test worker] c.m.r.service.MessageProcessorConfig     : Process message created at 2024-03-31T11:59:36.481562566+05:45[Asia/Kathmandu]...
2024-03-31T11:59:36.482+05:45  INFO 170853 --- [    Test worker] c.m.r.service.MessageProcessorConfig     : Delete recommendations with ProductID: 1
2024-03-31T11:59:36.483+05:45 DEBUG 170853 --- [    Test worker] o.s.d.m.core.ReactiveMongoTemplate       : find using query: { "productId" : 1} fields: Document{{}} for class: class com.micro.recommendationservice.persistenece.RecommendationEntity in collection: recommendations
2024-03-31T11:59:36.490+05:45  INFO 170853 --- [    Test worker] c.m.r.service.MessageProcessorConfig     : Message processing done!
2024-03-31T11:59:36.500+05:45 DEBUG 170853 --- [    Test worker] o.s.d.m.core.ReactiveMongoTemplate       : Remove using query: {} in collection: recommendations.
2024-03-31T11:59:36.949+05:45 DEBUG 170853 --- [    Test worker] o.s.d.m.core.ReactiveMongoTemplate       : Remove using query: {} in collection: recommendations.
2024-03-31T11:59:36.962+05:45  INFO 170853 --- [or-http-epoll-4] c.m.r.service.RecommendationServiceImpl  : Will get recommendations for product with id=113
2024-03-31T11:59:36.985+05:45 DEBUG 170853 --- [or-http-epoll-4] o.s.d.m.core.ReactiveMongoTemplate       : find using query: { "productId" : 113} fields: Document{{}} for class: class com.micro.recommendationservice.persistenece.RecommendationEntity in collection: recommendations
2024-03-31T11:59:37.019+05:45 DEBUG 170853 --- [    Test worker] o.s.d.m.core.ReactiveMongoTemplate       : Remove using query: {} in collection: recommendations.
2024-03-31T11:59:37.024+05:45  INFO 170853 --- [    Test worker] c.m.r.service.MessageProcessorConfig     : Process message created at 2024-03-31T11:59:37.024417335+05:45[Asia/Kathmandu]...
2024-03-31T11:59:37.024+05:45  INFO 170853 --- [    Test worker] c.m.r.service.MessageProcessorConfig     : Create recommendation with ID: 1/1
2024-03-31T11:59:37.025+05:45 DEBUG 170853 --- [    Test worker] o.s.d.m.core.ReactiveMongoTemplate       : Inserting Document containing fields: [version, productId, recommendationId, author, rating, content, _class] in collection: recommendations
2024-03-31T11:59:37.043+05:45  INFO 170853 --- [    Test worker] c.m.r.service.MessageProcessorConfig     : Message processing done!
2024-03-31T11:59:37.044+05:45  INFO 170853 --- [    Test worker] c.m.r.service.MessageProcessorConfig     : Process message created at 2024-03-31T11:59:37.044351471+05:45[Asia/Kathmandu]...
2024-03-31T11:59:37.044+05:45  INFO 170853 --- [    Test worker] c.m.r.service.MessageProcessorConfig     : Create recommendation with ID: 1/2
2024-03-31T11:59:37.045+05:45 DEBUG 170853 --- [    Test worker] o.s.d.m.core.ReactiveMongoTemplate       : Inserting Document containing fields: [version, productId, recommendationId, author, rating, content, _class] in collection: recommendations
2024-03-31T11:59:37.053+05:45  INFO 170853 --- [    Test worker] c.m.r.service.MessageProcessorConfig     : Message processing done!
2024-03-31T11:59:37.053+05:45  INFO 170853 --- [    Test worker] c.m.r.service.MessageProcessorConfig     : Process message created at 2024-03-31T11:59:37.053885944+05:45[Asia/Kathmandu]...
2024-03-31T11:59:37.054+05:45  INFO 170853 --- [    Test worker] c.m.r.service.MessageProcessorConfig     : Create recommendation with ID: 1/3
2024-03-31T11:59:37.055+05:45 DEBUG 170853 --- [    Test worker] o.s.d.m.core.ReactiveMongoTemplate       : Inserting Document containing fields: [version, productId, recommendationId, author, rating, content, _class] in collection: recommendations
2024-03-31T11:59:37.063+05:45  INFO 170853 --- [    Test worker] c.m.r.service.MessageProcessorConfig     : Message processing done!
2024-03-31T11:59:37.065+05:45 DEBUG 170853 --- [    Test worker] o.s.d.m.core.ReactiveMongoTemplate       : find using query: { "productId" : 1} fields: Document{{}} for class: class com.micro.recommendationservice.persistenece.RecommendationEntity in collection: recommendations
2024-03-31T11:59:37.080+05:45  INFO 170853 --- [or-http-epoll-4] c.m.r.service.RecommendationServiceImpl  : Will get recommendations for product with id=1
2024-03-31T11:59:37.083+05:45 DEBUG 170853 --- [or-http-epoll-4] o.s.d.m.core.ReactiveMongoTemplate       : find using query: { "productId" : 1} fields: Document{{}} for class: class com.micro.recommendationservice.persistenece.RecommendationEntity in collection: recommendations
2024-03-31T11:59:37.110+05:45 DEBUG 170853 --- [    Test worker] o.s.d.m.core.ReactiveMongoTemplate       : Remove using query: {} in collection: recommendations.
2024-03-31T11:59:37.147+05:45 DEBUG 170853 --- [    Test worker] o.s.d.m.core.ReactiveMongoTemplate       : Remove using query: {} in collection: recommendations.
2024-03-31T11:59:37.153+05:45  INFO 170853 --- [    Test worker] c.m.r.service.MessageProcessorConfig     : Process message created at 2024-03-31T11:59:37.153415056+05:45[Asia/Kathmandu]...
2024-03-31T11:59:37.153+05:45  INFO 170853 --- [    Test worker] c.m.r.service.MessageProcessorConfig     : Create recommendation with ID: 1/1
2024-03-31T11:59:37.155+05:45 DEBUG 170853 --- [    Test worker] o.s.d.m.core.ReactiveMongoTemplate       : Inserting Document containing fields: [version, productId, recommendationId, author, rating, content, _class] in collection: recommendations
2024-03-31T11:59:37.163+05:45  INFO 170853 --- [    Test worker] c.m.r.service.MessageProcessorConfig     : Message processing done!
2024-03-31T11:59:37.164+05:45 DEBUG 170853 --- [    Test worker] o.s.d.m.core.ReactiveMongoTemplate       : Executing count: {} in collection: recommendations
2024-03-31T11:59:37.165+05:45 DEBUG 170853 --- [    Test worker] o.s.d.m.core.ReactiveMongoTemplate       : Executing count: {} in collection: recommendations
2024-03-31T11:59:37.173+05:45  INFO 170853 --- [    Test worker] c.m.r.service.MessageProcessorConfig     : Process message created at 2024-03-31T11:59:37.172951029+05:45[Asia/Kathmandu]...
2024-03-31T11:59:37.173+05:45  INFO 170853 --- [    Test worker] c.m.r.service.MessageProcessorConfig     : Create recommendation with ID: 1/1
2024-03-31T11:59:37.174+05:45 DEBUG 170853 --- [    Test worker] o.s.d.m.core.ReactiveMongoTemplate       : Inserting Document containing fields: [version, productId, recommendationId, author, rating, content, _class] in collection: recommendations
2024-03-31T11:59:37.182+05:45 DEBUG 170853 --- [    Test worker] o.s.d.m.core.ReactiveMongoTemplate       : Executing count: {} in collection: recommendations
2024-03-31T11:59:37.182+05:45 DEBUG 170853 --- [    Test worker] o.s.d.m.core.ReactiveMongoTemplate       : Executing count: {} in collection: recommendations
2024-03-31T11:59:37.195+05:45 DEBUG 170853 --- [    Test worker] o.s.d.m.core.ReactiveMongoTemplate       : Remove using query: {} in collection: recommendations.
]]></system-out>
  <system-err><![CDATA[]]></system-err>
</testsuite>
