<?xml version="1.0" encoding="UTF-8"?>
<testsuite name="com.micro.productcompositeservice.ProductCompositeServiceApplicationTests" tests="4" skipped="0" failures="0" errors="0" timestamp="2024-03-31T06:14:01" hostname="suman-gajmer-f1soft" time="0.349">
  <properties/>
  <testcase name="getProductById()" classname="com.micro.productcompositeservice.ProductCompositeServiceApplicationTests" time="0.272"/>
  <testcase name="getProductInvalidInput()" classname="com.micro.productcompositeservice.ProductCompositeServiceApplicationTests" time="0.042"/>
  <testcase name="contextLoads()" classname="com.micro.productcompositeservice.ProductCompositeServiceApplicationTests" time="0.008"/>
  <testcase name="getProductNotFound()" classname="com.micro.productcompositeservice.ProductCompositeServiceApplicationTests" time="0.021"/>
  <system-out><![CDATA[2024-03-31T11:58:58.584+05:45  INFO 169719 --- [    Test worker] t.c.s.AnnotationConfigContextLoaderUtils : Could not detect default configuration classes for test class [com.micro.productcompositeservice.ProductCompositeServiceApplicationTests]: ProductCompositeServiceApplicationTests does not declare any static, non-private, non-final, nested classes annotated with @Configuration.
2024-03-31T11:58:58.587+05:45  INFO 169719 --- [    Test worker] .b.t.c.SpringBootTestContextBootstrapper : Found @SpringBootConfiguration com.micro.productcompositeservice.ProductCompositeServiceApplication for test class com.micro.productcompositeservice.ProductCompositeServiceApplicationTests

  .   ____          _            __ _ _
 /\\ / ___'_ __ _ _(_)_ __  __ _ \ \ \ \
( ( )\___ | '_ | '_| | '_ \/ _` | \ \ \ \
 \\/  ___)| |_)| | | | | || (_| |  ) ) ) )
  '  |____| .__|_| |_|_| |_\__, | / / / /
 =========|_|==============|___/=/_/_/_/
 :: Spring Boot ::                (v3.2.3)

2024-03-31T11:58:58.635+05:45  INFO 169719 --- [    Test worker] .ProductCompositeServiceApplicationTests : Starting ProductCompositeServiceApplicationTests using Java 17.0.10 with PID 169719 (started by suman in /home/suman/Workspace/microservices/product-composite-service)
2024-03-31T11:58:58.636+05:45  INFO 169719 --- [    Test worker] .ProductCompositeServiceApplicationTests : No active profile set, falling back to 1 default profile: "default"
2024-03-31T11:58:58.993+05:45  INFO 169719 --- [    Test worker] faultConfiguringBeanFactoryPostProcessor : No bean named 'errorChannel' has been explicitly defined. Therefore, a default PublishSubscribeChannel will be created.
2024-03-31T11:58:58.994+05:45  INFO 169719 --- [    Test worker] faultConfiguringBeanFactoryPostProcessor : No bean named 'integrationHeaderChannelRegistry' has been explicitly defined. Therefore, a default DefaultHeaderChannelRegistry will be created.
2024-03-31T11:58:59.548+05:45  INFO 169719 --- [    Test worker] c.m.p.ProductCompositeServiceApplication : Creates a messagingScheduler with connectionPoolSize = 10
2024-03-31T11:59:00.635+05:45  INFO 169719 --- [    Test worker] o.s.b.a.e.web.EndpointLinksResolver      : Exposing 17 endpoint(s) beneath base path '/actuator'
2024-03-31T11:59:00.989+05:45  INFO 169719 --- [    Test worker] o.s.i.endpoint.EventDrivenConsumer       : Adding {logging-channel-adapter:_org.springframework.integration.errorLogger} as a subscriber to the 'errorChannel' channel
2024-03-31T11:59:00.990+05:45  INFO 169719 --- [    Test worker] o.s.i.channel.PublishSubscribeChannel    : Channel 'application.errorChannel' has 1 subscriber(s).
2024-03-31T11:59:00.990+05:45  INFO 169719 --- [    Test worker] o.s.i.endpoint.EventDrivenConsumer       : started bean '_org.springframework.integration.errorLogger'
2024-03-31T11:59:00.993+05:45  INFO 169719 --- [    Test worker] o.s.b.web.embedded.netty.NettyWebServer  : Netty started on port 34635
2024-03-31T11:59:01.046+05:45  INFO 169719 --- [    Test worker] .ProductCompositeServiceApplicationTests : Started ProductCompositeServiceApplicationTests in 2.453 seconds (process running for 10.33)
2024-03-31T11:59:01.179+05:45  INFO 169719 --- [or-http-epoll-8] c.m.p.p.ProductCompositeServiceImpl      : Will get composite product info for product.id=1
2024-03-31T11:59:01.357+05:45  INFO 169719 --- [or-http-epoll-8] c.m.p.p.ProductCompositeServiceImpl      : Will get composite product info for product.id=3
2024-03-31T11:59:01.408+05:45  INFO 169719 --- [or-http-epoll-8] c.m.p.p.ProductCompositeServiceImpl      : Will get composite product info for product.id=2
]]></system-out>
  <system-err><![CDATA[]]></system-err>
</testsuite>
