<?xml version="1.0" encoding="UTF-8"?>
<testsuite name="com.micro.productcompositeservice.ProductCompositeServiceApplicationTests" tests="4" skipped="0" failures="0" errors="0" timestamp="2024-04-14T08:56:19" hostname="suman-gajmer" time="0.306">
  <properties/>
  <testcase name="getProductById()" classname="com.micro.productcompositeservice.ProductCompositeServiceApplicationTests" time="0.227"/>
  <testcase name="getProductInvalidInput()" classname="com.micro.productcompositeservice.ProductCompositeServiceApplicationTests" time="0.042"/>
  <testcase name="contextLoads()" classname="com.micro.productcompositeservice.ProductCompositeServiceApplicationTests" time="0.008"/>
  <testcase name="getProductNotFound()" classname="com.micro.productcompositeservice.ProductCompositeServiceApplicationTests" time="0.023"/>
  <system-out><![CDATA[2024-04-14T14:41:16.316+05:45  INFO 511783 --- [product-composite] [    Test worker] t.c.s.AnnotationConfigContextLoaderUtils : Could not detect default configuration classes for test class [com.micro.productcompositeservice.ProductCompositeServiceApplicationTests]: ProductCompositeServiceApplicationTests does not declare any static, non-private, non-final, nested classes annotated with @Configuration.
2024-04-14T14:41:16.320+05:45  INFO 511783 --- [product-composite] [    Test worker] .b.t.c.SpringBootTestContextBootstrapper : Found @SpringBootConfiguration com.micro.productcompositeservice.ProductCompositeServiceApplication for test class com.micro.productcompositeservice.ProductCompositeServiceApplicationTests

  .   ____          _            __ _ _
 /\\ / ___'_ __ _ _(_)_ __  __ _ \ \ \ \
( ( )\___ | '_ | '_| | '_ \/ _` | \ \ \ \
 \\/  ___)| |_)| | | | | || (_| |  ) ) ) )
  '  |____| .__|_| |_|_| |_\__, | / / / /
 =========|_|==============|___/=/_/_/_/
 :: Spring Boot ::                (v3.2.3)

2024-04-14T14:41:16.411+05:45  INFO 511783 --- [product-composite] [    Test worker] .ProductCompositeServiceApplicationTests : Starting ProductCompositeServiceApplicationTests using Java 17.0.10 with PID 511783 (started by suman in /home/suman/Workspace/microservices/product-composite-service)
2024-04-14T14:41:16.411+05:45  INFO 511783 --- [product-composite] [    Test worker] .ProductCompositeServiceApplicationTests : No active profile set, falling back to 1 default profile: "default"
2024-04-14T14:41:16.807+05:45  INFO 511783 --- [product-composite] [    Test worker] faultConfiguringBeanFactoryPostProcessor : No bean named 'errorChannel' has been explicitly defined. Therefore, a default PublishSubscribeChannel will be created.
2024-04-14T14:41:16.807+05:45  INFO 511783 --- [product-composite] [    Test worker] faultConfiguringBeanFactoryPostProcessor : No bean named 'integrationHeaderChannelRegistry' has been explicitly defined. Therefore, a default DefaultHeaderChannelRegistry will be created.
2024-04-14T14:41:16.817+05:45  INFO 511783 --- [product-composite] [    Test worker] o.s.cloud.context.scope.GenericScope     : BeanFactory id=456e8c6c-6ce8-3ea5-9a81-b4ec6f302816
2024-04-14T14:41:17.275+05:45  WARN 511783 --- [product-composite] [    Test worker] trationDelegate$BeanPostProcessorChecker : Bean 'org.springframework.cloud.client.loadbalancer.LoadBalancerAutoConfiguration$DeferringLoadBalancerInterceptorConfig' of type [org.springframework.cloud.client.loadbalancer.LoadBalancerAutoConfiguration$DeferringLoadBalancerInterceptorConfig] is not eligible for getting processed by all BeanPostProcessors (for example: not eligible for auto-proxying). The currently created BeanPostProcessor [lbRestClientPostProcessor] is declared through a non-static factory method on that class; consider declaring it as static instead.
2024-04-14T14:41:17.280+05:45  WARN 511783 --- [product-composite] [    Test worker] trationDelegate$BeanPostProcessorChecker : Bean 'deferringLoadBalancerInterceptor' of type [org.springframework.cloud.client.loadbalancer.DeferringLoadBalancerInterceptor] is not eligible for getting processed by all BeanPostProcessors (for example: not eligible for auto-proxying). Is this bean getting eagerly injected into a currently created BeanPostProcessor [lbRestClientPostProcessor]? Check the corresponding BeanPostProcessor declaration and its dependencies.
2024-04-14T14:41:17.284+05:45  WARN 511783 --- [product-composite] [    Test worker] trationDelegate$BeanPostProcessorChecker : Bean 'org.springframework.cloud.client.loadbalancer.reactive.LoadBalancerBeanPostProcessorAutoConfiguration' of type [org.springframework.cloud.client.loadbalancer.reactive.LoadBalancerBeanPostProcessorAutoConfiguration] is not eligible for getting processed by all BeanPostProcessors (for example: not eligible for auto-proxying). The currently created BeanPostProcessor [loadBalancerWebClientBuilderBeanPostProcessor] is declared through a non-static factory method on that class; consider declaring it as static instead.
2024-04-14T14:41:17.288+05:45  WARN 511783 --- [product-composite] [    Test worker] trationDelegate$BeanPostProcessorChecker : Bean 'org.springframework.cloud.client.loadbalancer.reactive.LoadBalancerBeanPostProcessorAutoConfiguration$ReactorDeferringLoadBalancerFilterConfig' of type [org.springframework.cloud.client.loadbalancer.reactive.LoadBalancerBeanPostProcessorAutoConfiguration$ReactorDeferringLoadBalancerFilterConfig] is not eligible for getting processed by all BeanPostProcessors (for example: not eligible for auto-proxying). Is this bean getting eagerly injected into a currently created BeanPostProcessor [loadBalancerWebClientBuilderBeanPostProcessor]? Check the corresponding BeanPostProcessor declaration and its dependencies.
2024-04-14T14:41:17.290+05:45  WARN 511783 --- [product-composite] [    Test worker] trationDelegate$BeanPostProcessorChecker : Bean 'reactorDeferringLoadBalancerExchangeFilterFunction' of type [org.springframework.cloud.client.loadbalancer.reactive.DeferringLoadBalancerExchangeFilterFunction] is not eligible for getting processed by all BeanPostProcessors (for example: not eligible for auto-proxying). Is this bean getting eagerly injected into a currently created BeanPostProcessor [loadBalancerWebClientBuilderBeanPostProcessor]? Check the corresponding BeanPostProcessor declaration and its dependencies.
2024-04-14T14:41:17.445+05:45  INFO 511783 --- [product-composite] [    Test worker] c.m.p.ProductCompositeServiceApplication : Creates a messagingScheduler with connectionPoolSize = 10
2024-04-14T14:41:18.860+05:45  INFO 511783 --- [product-composite] [    Test worker] o.s.b.a.e.web.EndpointLinksResolver      : Exposing 19 endpoint(s) beneath base path '/actuator'
2024-04-14T14:41:19.086+05:45  INFO 511783 --- [product-composite] [    Test worker] o.s.c.s.m.DirectWithAttributesChannel    : Channel 'product-composite.forwardedHeaderTransformer-in-0' has 1 subscriber(s).
2024-04-14T14:41:19.235+05:45  INFO 511783 --- [product-composite] [    Test worker] DiscoveryClientOptionalArgsConfiguration : Eureka HTTP Client uses RestTemplate.
2024-04-14T14:41:19.276+05:45  WARN 511783 --- [product-composite] [    Test worker] iguration$LoadBalancerCaffeineWarnLogger : Spring Cloud LoadBalancer is currently working with the default cache. While this cache implementation is useful for development and tests, it's recommended to use Caffeine cache in production.You can switch to using Caffeine cache, by adding it and org.springframework.cache.caffeine.CaffeineCacheManager to the classpath.
2024-04-14T14:41:19.331+05:45  INFO 511783 --- [product-composite] [    Test worker] o.s.i.endpoint.EventDrivenConsumer       : Adding {logging-channel-adapter:_org.springframework.integration.errorLogger} as a subscriber to the 'errorChannel' channel
2024-04-14T14:41:19.332+05:45  INFO 511783 --- [product-composite] [    Test worker] o.s.i.channel.PublishSubscribeChannel    : Channel 'product-composite.errorChannel' has 1 subscriber(s).
2024-04-14T14:41:19.332+05:45  INFO 511783 --- [product-composite] [    Test worker] o.s.i.endpoint.EventDrivenConsumer       : started bean '_org.springframework.integration.errorLogger'
2024-04-14T14:41:19.333+05:45  INFO 511783 --- [product-composite] [    Test worker] o.s.i.channel.PublishSubscribeChannel    : Channel 'forwardedHeaderTransformer-out-0.destination' has 1 subscriber(s).
2024-04-14T14:41:19.334+05:45  INFO 511783 --- [product-composite] [    Test worker] o.s.c.s.m.DirectWithAttributesChannel    : Channel 'product-composite.forwardedHeaderTransformer-out-0' has 1 subscriber(s).
2024-04-14T14:41:19.337+05:45  INFO 511783 --- [product-composite] [    Test worker] o.s.b.web.embedded.netty.NettyWebServer  : Netty started on port 37265
2024-04-14T14:41:19.359+05:45  INFO 511783 --- [product-composite] [    Test worker] o.s.c.stream.binder.BinderErrorChannel   : Channel '164063646.forwardedHeaderTransformer-in-0.errors' has 1 subscriber(s).
2024-04-14T14:41:19.360+05:45  INFO 511783 --- [product-composite] [    Test worker] o.s.c.stream.binder.BinderErrorChannel   : Channel '164063646.forwardedHeaderTransformer-in-0.errors' has 2 subscriber(s).
2024-04-14T14:41:19.360+05:45  INFO 511783 --- [product-composite] [    Test worker] o.s.i.channel.PublishSubscribeChannel    : Channel 'forwardedHeaderTransformer-in-0.destination' has 1 subscriber(s).
2024-04-14T14:41:19.360+05:45  INFO 511783 --- [product-composite] [    Test worker] r$IntegrationBinderInboundChannelAdapter : started org.springframework.cloud.stream.binder.test.TestChannelBinder$IntegrationBinderInboundChannelAdapter@36d02719
2024-04-14T14:41:19.422+05:45  INFO 511783 --- [product-composite] [    Test worker] .ProductCompositeServiceApplicationTests : Started ProductCompositeServiceApplicationTests in 3.098 seconds (process running for 10.729)
2024-04-14T14:41:19.536+05:45  INFO 511783 --- [product-composite] [or-http-epoll-7] c.m.p.p.ProductCompositeServiceImpl      : Will get composite product info for product.id=1
2024-04-14T14:41:19.682+05:45  INFO 511783 --- [product-composite] [or-http-epoll-7] c.m.p.p.ProductCompositeServiceImpl      : Will get composite product info for product.id=3
2024-04-14T14:41:19.736+05:45  INFO 511783 --- [product-composite] [or-http-epoll-7] c.m.p.p.ProductCompositeServiceImpl      : Will get composite product info for product.id=2
]]></system-out>
  <system-err><![CDATA[]]></system-err>
</testsuite>
