<?xml version="1.0" encoding="UTF-8"?>
<testsuite name="com.micro.productcompositeservice.MessagingTests" tests="3" skipped="0" failures="0" errors="0" timestamp="2024-03-31T06:13:57" hostname="suman-gajmer-f1soft" time="1.145">
  <properties/>
  <testcase name="deleteCompositeProduct()" classname="com.micro.productcompositeservice.MessagingTests" time="1.015"/>
  <testcase name="createCompositeProduct1()" classname="com.micro.productcompositeservice.MessagingTests" time="0.08"/>
  <testcase name="createCompositeProduct2()" classname="com.micro.productcompositeservice.MessagingTests" time="0.047"/>
  <system-out><![CDATA[11:58:51.951 [Test worker] INFO org.springframework.test.context.support.AnnotationConfigContextLoaderUtils -- Could not detect default configuration classes for test class [com.micro.productcompositeservice.MessagingTests]: MessagingTests does not declare any static, non-private, non-final, nested classes annotated with @Configuration.
11:58:52.071 [Test worker] INFO org.springframework.boot.test.context.SpringBootTestContextBootstrapper -- Found @SpringBootConfiguration com.micro.productcompositeservice.ProductCompositeServiceApplication for test class com.micro.productcompositeservice.MessagingTests

  .   ____          _            __ _ _
 /\\ / ___'_ __ _ _(_)_ __  __ _ \ \ \ \
( ( )\___ | '_ | '_| | '_ \/ _` | \ \ \ \
 \\/  ___)| |_)| | | | | || (_| |  ) ) ) )
  '  |____| .__|_| |_|_| |_\__, | / / / /
 =========|_|==============|___/=/_/_/_/
 :: Spring Boot ::                (v3.2.3)

2024-03-31T11:58:52.521+05:45  INFO 169719 --- [    Test worker] c.m.p.MessagingTests                     : Starting MessagingTests using Java 17.0.10 with PID 169719 (started by suman in /home/suman/Workspace/microservices/product-composite-service)
2024-03-31T11:58:52.523+05:45  INFO 169719 --- [    Test worker] c.m.p.MessagingTests                     : No active profile set, falling back to 1 default profile: "default"
2024-03-31T11:58:53.737+05:45  INFO 169719 --- [    Test worker] faultConfiguringBeanFactoryPostProcessor : No bean named 'errorChannel' has been explicitly defined. Therefore, a default PublishSubscribeChannel will be created.
2024-03-31T11:58:53.744+05:45  INFO 169719 --- [    Test worker] faultConfiguringBeanFactoryPostProcessor : No bean named 'integrationHeaderChannelRegistry' has been explicitly defined. Therefore, a default DefaultHeaderChannelRegistry will be created.
2024-03-31T11:58:54.313+05:45  INFO 169719 --- [    Test worker] c.m.p.ProductCompositeServiceApplication : Creates a messagingScheduler with connectionPoolSize = 10
2024-03-31T11:58:56.510+05:45  INFO 169719 --- [    Test worker] o.s.b.a.e.web.EndpointLinksResolver      : Exposing 17 endpoint(s) beneath base path '/actuator'
2024-03-31T11:58:57.258+05:45  INFO 169719 --- [    Test worker] o.s.i.endpoint.EventDrivenConsumer       : Adding {logging-channel-adapter:_org.springframework.integration.errorLogger} as a subscriber to the 'errorChannel' channel
2024-03-31T11:58:57.260+05:45  INFO 169719 --- [    Test worker] o.s.i.channel.PublishSubscribeChannel    : Channel 'application.errorChannel' has 1 subscriber(s).
2024-03-31T11:58:57.262+05:45  INFO 169719 --- [    Test worker] o.s.i.endpoint.EventDrivenConsumer       : started bean '_org.springframework.integration.errorLogger'
2024-03-31T11:58:57.342+05:45  INFO 169719 --- [    Test worker] o.s.b.web.embedded.netty.NettyWebServer  : Netty started on port 37831
2024-03-31T11:58:57.401+05:45  INFO 169719 --- [    Test worker] c.m.p.MessagingTests                     : Started MessagingTests in 5.23 seconds (process running for 6.685)
2024-03-31T11:58:58.343+05:45  INFO 169719 --- [or-http-epoll-5] c.m.p.p.ProductCompositeServiceImpl      : Will delete a product aggregate for product.id: 1
2024-03-31T11:58:58.363+05:45  INFO 169719 --- [ publish-pool-1] o.s.i.channel.PublishSubscribeChannel    : Channel 'products.destination' has 1 subscriber(s).
2024-03-31T11:58:58.366+05:45  INFO 169719 --- [ publish-pool-1] o.s.c.s.m.DirectWithAttributesChannel    : Channel 'unknown.channel.name' has 1 subscriber(s).
2024-03-31T11:58:58.370+05:45  INFO 169719 --- [ publish-pool-2] o.s.i.channel.PublishSubscribeChannel    : Channel 'recommendations.destination' has 1 subscriber(s).
2024-03-31T11:58:58.371+05:45  INFO 169719 --- [ publish-pool-2] o.s.c.s.m.DirectWithAttributesChannel    : Channel 'unknown.channel.name' has 1 subscriber(s).
2024-03-31T11:58:58.372+05:45  INFO 169719 --- [ publish-pool-3] o.s.i.channel.PublishSubscribeChannel    : Channel 'reviews.destination' has 1 subscriber(s).
2024-03-31T11:58:58.372+05:45  INFO 169719 --- [ publish-pool-3] o.s.c.s.m.DirectWithAttributesChannel    : Channel 'unknown.channel.name' has 1 subscriber(s).
2024-03-31T11:58:58.514+05:45  INFO 169719 --- [or-http-epoll-5] c.m.p.p.ProductCompositeServiceImpl      : Will create a new composite entity for product.id: 1
2024-03-31T11:58:58.545+05:45  INFO 169719 --- [or-http-epoll-5] c.m.p.p.ProductCompositeServiceImpl      : Will create a new composite entity for product.id: 1
]]></system-out>
  <system-err><![CDATA[]]></system-err>
</testsuite>
